3996	0,00	0,00
3998	0,00	0,00
4001	10,00	0,00
4004	10,00	0,00
4006	10,00	0,00
4009	10,00	0,19
4013	10,00	0,33
4016	10,00	0,45
4019	10,00	0,64
4022	10,00	0,79
4025	10,00	1,00
4028	10,00	1,17
4031	10,00	1,31
4034	10,00	1,51
4037	10,00	1,49
4039	10,00	1,66
4042	10,00	1,79
4045	10,00	1,80
4048	10,00	1,72
4051	10,00	1,75
4055	10,00	1,68
4058	10,00	1,71
4061	10,00	1,74
4064	10,00	1,76
4067	10,00	1,88
6261	0,00	0,00
6264	0,00	0,00
6267	0,00	0,00
6270	0,00	0,00
6273	0,00	0,00
6276	0,00	0,00
6279	0,00	0,00

6282	0,00	0,00

6284	0,00	0,00

6287	0,00	0,00

6290	0,00	0,00

6293	0,00	0,00

6295	0,00	0,00

6298	0,00	0,00

6301	0,00	0,00

6304	0,00	0,00

6307	0,00	0,00

6309	0,00	0,00

6312	0,00	0,00

6316	0,00	0,00

6319	0,00	0,00

6321	0,00	0,00

6324	0,00	0,00

6327	0,00	0,00

6330	0,00	0,00

6332	0,00	0,00

6335	0,00	0,00

6338	0,00	0,00

6341	0,00	0,00

6343	0,00	0,00

6346	0,00	0,00

6349	0,00	0,00

6352	0,00	0,00

6355	0,00	0,00

6358	0,00	0,00

6361	0,00	0,00

6364	0,00	0,00

6367	0,00	0,00

6369	0,00	0,00

6372	0,00	0,00

6375	0,00	0,00

6378	0,00	0,00

6380	0,00	0,00

6383	0,00	0,00

6386	0,00	0,00

6389	0,00	0,00

6391	0,00	0,00

6394	0,00	0,00

6397	0,00	0,00

6401	0,00	0,00

6404	0,00	0,00

6406	0,00	0,00

6409	0,00	0,00

6412	0,00	0,00

6415	0,00	0,00

6417	0,00	0,00

6420	0,00	0,00

6423	0,00	0,00

6426	0,00	0,00

6428	0,00	0,00

6431	0,00	0,00

6434	0,00	0,00

6437	0,00	0,00

6439	0,00	0,00

6443	0,00	0,00

6446	0,00	0,00

6449	0,00	0,00

6452	0,00	0,00

6454	0,00	0,00

6457	0,00	0,00

6460	0,00	0,00

6463	0,00	0,00

6465	0,00	0,00

6468	0,00	0,00

6471	0,00	0,00

6474	0,00	0,00

6476	0,00	0,00

6479	0,00	0,00

6482	0,00	0,00

6486	0,00	0,00

6488	0,00	0,00

6491	0,00	0,00

6494	0,00	0,00

6497	0,00	0,00

6499	0,00	0,00

6502	0,00	0,00

6505	0,00	0,00

6508	0,00	0,00

6511	0,00	0,00

6513	0,00	0,00

6516	0,00	0,00

6519	0,00	0,00

6522	0,00	0,00

6524	0,00	0,00

6528	0,00	0,00

6531	0,00	0,00

6534	0,00	0,00

6536	0,00	0,00

6539	0,00	0,00

6542	0,00	0,00

6545	0,00	0,00

6547	0,00	0,00

6550	0,00	0,00

6553	0,00	0,00

6556	0,00	0,00

6559	0,00	0,00

6561	0,00	0,00

6564	0,00	0,00

6567	0,00	0,00

6571	0,00	0,00

6573	0,00	0,00

6576	0,00	0,00

6579	0,00	0,00

6582	0,00	0,00

6584	0,00	0,00

6587	0,00	0,00

6590	0,00	0,00

6593	0,00	0,00

6596	0,00	0,00

6598	0,00	0,00

6601	0,00	0,00

6604	0,00	0,00

6607	0,00	0,00

6609	0,00	0,00

6612	0,00	0,00

6616	0,00	0,00

6619	0,00	0,00

6621	0,00	0,00

6624	0,00	0,00

6627	0,00	0,00

6630	0,00	0,00

6632	0,00	0,00

6635	0,00	0,00

6638	0,00	0,00

6641	0,00	0,00

6644	0,00	0,00

6646	0,00	0,00

6649	0,00	0,00

6652	0,00	0,00

6656	0,00	0,00

6658	0,00	0,00

6661	0,00	0,00

6664	0,00	0,00

6667	0,00	0,00

6669	0,00	0,00

6672	0,00	0,00

6675	0,00	0,00

6678	0,00	0,00

6681	0,00	0,00

6683	0,00	0,00

6686	0,00	0,00

6689	0,00	0,00

6692	0,00	0,00

6694	0,00	0,00

6697	0,00	0,00

6701	0,00	0,00

6704	0,00	0,00

6706	0,00	0,00

6709	0,00	0,00

6712	0,00	0,00

6715	0,00	0,00

6717	0,00	0,00

6720	0,00	0,00

6723	0,00	0,00

6726	0,00	0,00

6729	0,00	0,00

6731	0,00	0,00

6734	0,00	0,00

6737	0,00	0,00

6740	0,00	0,00

6743	0,00	0,00

6746	0,00	0,00

6749	0,00	0,00

6752	0,00	0,00

6754	0,00	0,00

6757	0,00	0,00

6760	0,00	0,00

6763	0,00	0,00

6765	0,00	0,00

6768	0,00	0,00

6771	0,00	0,00

6774	0,00	0,00

6776	0,00	0,00

6779	0,00	0,00

6782	0,00	0,00

6786	0,00	0,00

6789	0,00	0,00

6791	0,00	0,00

6794	0,00	0,00

6797	0,00	0,00

6800	0,00	0,00

6802	0,00	0,00

6805	0,00	0,00

6808	0,00	0,00

6811	0,00	0,00

6813	0,00	0,00

6816	0,00	0,00

6819	0,00	0,00

6822	0,00	0,00

6825	0,00	0,00

6828	0,00	0,00

6831	0,00	0,00

6834	0,00	0,00

6837	0,00	0,00

6839	0,00	0,00

6842	0,00	0,00

6845	0,00	0,00

6848	0,00	0,00

6850	0,00	0,00

6853	0,00	0,00

6856	0,00	0,00

6859	0,00	0,00

6861	0,00	0,00

6864	0,00	0,00

6867	0,00	0,00

6871	0,00	0,00

6874	0,00	0,00

6876	0,00	0,00

6879	0,00	0,00

6882	0,00	0,00

6885	0,00	0,00

6887	0,00	0,00

6890	0,00	0,00

6893	0,00	0,00

6896	0,00	0,00

6898	0,00	0,00

6901	0,00	0,00

6904	0,00	0,00

6907	0,00	0,00

6910	0,00	0,00

6913	0,00	0,00

6916	0,00	0,00

6919	0,00	0,00

6922	0,00	0,00

6924	0,00	0,00

6927	0,00	0,00

6930	0,00	0,00

6933	0,00	0,00

6935	0,00	0,00

6938	0,00	0,00

6941	0,00	0,00

6944	0,00	0,00

6947	0,00	0,00

6949	0,00	0,00

6952	0,00	0,00

6956	0,00	0,00

6959	0,00	0,00

6961	0,00	0,00

6964	0,00	0,00

6967	0,00	0,00

6970	0,00	0,00

6972	0,00	0,00

6975	0,00	0,00

6978	0,00	0,00

6981	0,00	0,00

6983	0,00	0,00

6986	0,00	0,00

6989	0,00	0,00

6992	0,00	0,00

6995	0,00	0,00

6998	0,00	0,00

7001	0,00	0,00

7004	0,00	0,00

7007	0,00	0,00

7009	0,00	0,00

7012	0,00	0,00

7015	0,00	0,00

7018	0,00	0,00

7020	0,00	0,00

7023	0,00	0,00

7026	0,00	0,00

7029	0,00	0,00

7031	0,00	0,00

7034	0,00	0,00

7037	0,00	0,00

7041	0,00	0,00

7044	0,00	0,00

7046	0,00	0,00

7049	0,00	0,00

7052	0,00	0,00

7055	0,00	0,00

7057	0,00	0,00

7060	0,00	0,00

7063	0,00	0,00

7066	0,00	0,00

7068	0,00	0,00

7071	0,00	0,00

7074	0,00	0,00

7077	0,00	0,00

7079	0,00	0,00

7083	0,00	0,00

7086	0,00	0,00

7089	0,00	0,00

7091	0,00	0,00

7094	0,00	0,00

7097	0,00	0,00

7100	0,00	0,00

7102	0,00	0,00

7105	0,00	0,00

7108	0,00	0,00

7111	0,00	0,00

7113	0,00	0,00

7116	0,00	0,00

7119	0,00	0,00

7122	0,00	0,00

7126	0,00	0,00

7128	0,00	0,00

7131	0,00	0,00

7134	0,00	0,00

7137	0,00	0,00

7139	0,00	0,00

7142	0,00	0,00

7145	0,00	0,00

7148	0,00	0,00

7150	0,00	0,00

7153	0,00	0,00

7156	0,00	0,00

7159	0,00	0,00

7161	0,00	0,00

7164	0,00	0,00

7168	0,00	0,00

7171	0,00	0,00

7174	0,00	0,00

7176	0,00	0,00

7179	0,00	0,00

7182	0,00	0,00

7185	0,00	0,00

7187	0,00	0,00

7190	0,00	0,00

7193	0,00	0,00

7196	0,00	0,00

7198	0,00	0,00

7201	0,00	0,00

7204	0,00	0,00

7207	0,00	0,00

7211	0,00	0,00

7213	0,00	0,00

7216	0,00	0,00

7219	0,00	0,00

7222	0,00	0,00

7224	0,00	0,00

7227	0,00	0,00

7230	0,00	0,00

7233	0,00	0,00

7235	0,00	0,00

7238	0,00	0,00

7241	0,00	0,00

7244	0,00	0,00

7246	0,00	0,00

7249	0,00	0,00

7252	0,00	0,00

7256	0,00	0,00

7259	0,00	0,00

7261	0,00	0,00

7264	0,00	0,00

7267	0,00	0,00

7270	0,00	0,00

7272	0,00	0,00

7275	0,00	0,00

7278	0,00	0,00

7281	0,00	0,00

7283	0,00	0,00

7286	0,00	0,00

7289	0,00	0,00

7292	0,00	0,00

7294	0,00	0,00

7298	0,00	0,00

7301	0,00	0,00

7304	0,00	0,00

7306	0,00	0,00

7309	0,00	0,00

7312	0,00	0,00

7315	0,00	0,00

7318	0,00	0,00

7320	0,00	0,00

7323	0,00	0,00

7326	0,00	0,00

7329	0,00	0,00

7331	0,00	0,00

7334	0,00	0,00

7337	0,00	0,00

7341	0,00	0,00

7343	0,00	0,00

7346	0,00	0,00

7349	0,00	0,00

7352	0,00	0,00

7354	0,00	0,00

7357	0,00	0,00

7360	0,00	0,00

7363	0,00	0,00

7365	0,00	0,00

7368	0,00	0,00

7371	0,00	0,00

7374	0,00	0,00

7376	0,00	0,00

7379	0,00	0,00

7383	0,00	0,00

7386	0,00	0,00

7389	0,00	0,00

7391	0,00	0,00

7394	0,00	0,00

7397	0,00	0,00

7400	0,00	0,00

7402	0,00	0,00

7405	0,00	0,00

7408	0,00	0,00

7411	0,00	0,00

7413	0,00	0,00

7416	0,00	0,00

7419	0,00	0,00

7422	0,00	0,00

7425	0,00	0,00

7428	0,00	0,00

7431	0,00	0,00

7434	0,00	0,00

7437	0,00	0,00

7439	0,00	0,00

7442	0,00	0,00

7445	0,00	0,00

7448	0,00	0,00

7450	0,00	0,00

7453	0,00	0,00

7456	0,00	0,00

7459	0,00	0,00

7461	0,00	0,00

7464	0,00	0,00

7468	0,00	0,00

7471	0,00	0,00

7474	0,00	0,00

7476	0,00	0,00

7479	0,00	0,00

7482	0,00	0,00

7485	0,00	0,00

7487	0,00	0,00

7490	0,00	0,00

7493	0,00	0,00

7496	0,00	0,00

7498	0,00	0,00

7501	0,00	0,00

7504	0,00	0,00

7507	0,00	0,00

7510	0,00	0,00

7513	0,00	0,00

7516	0,00	0,00

7519	0,00	0,00

7522	0,00	0,00

7524	0,00	0,00

7527	0,00	0,00

7530	0,00	0,00

7533	0,00	0,00

7535	0,00	0,00

7538	0,00	0,00

7541	0,00	0,00

7544	0,00	0,00

7546	0,00	0,00

7549	0,00	0,00

7553	0,00	0,00

7556	0,00	0,00

7558	0,00	0,00

7561	0,00	0,00

7564	0,00	0,00

7567	0,00	0,00

7570	0,00	0,00

7572	0,00	0,00

7575	0,00	0,00

7578	0,00	0,00

7581	0,00	0,00

7583	0,00	0,00

7586	0,00	0,00

7589	0,00	0,00

7592	0,00	0,00

7595	0,00	0,00

7598	0,00	0,00

7601	0,00	0,00

7604	0,00	0,00

7606	0,00	0,00

7609	0,00	0,00

7612	0,00	0,00

7615	0,00	0,00

7618	0,00	0,00

7620	0,00	0,00

7623	0,00	0,00

7626	0,00	0,00

7629	0,00	0,00

7631	0,00	0,00

7634	0,00	0,00

7638	0,00	0,00

7641	0,00	0,00

7643	0,00	0,00

7646	0,00	0,00

7649	0,00	0,00

7652	0,00	0,00

7654	0,00	0,00

7657	0,00	0,00

7660	0,00	0,00

7663	0,00	0,00

7665	0,00	0,00

7668	0,00	0,00

7671	0,00	0,00

7674	0,00	0,00

7676	0,00	0,00

7680	0,00	0,00

7683	0,00	0,00

7686	0,00	0,00

7689	0,00	0,00

7691	0,00	0,00

7694	0,00	0,00

7697	0,00	0,00

7700	0,00	0,00

7702	0,00	0,00

7705	0,00	0,00

7708	0,00	0,00

7711	0,00	0,00

7713	0,00	0,00

7716	0,00	0,00

7719	0,00	0,00

7723	0,00	0,00

7726	0,00	0,00

7728	0,00	0,00

7731	0,00	0,00

7734	0,00	0,00

7737	0,00	0,00

7739	0,00	0,00

7742	0,00	0,00

7745	0,00	0,00

7748	0,00	0,00

7750	0,00	0,00

7753	0,00	0,00

7756	0,00	0,00

7759	0,00	0,00

7761	0,00	0,00

7764	0,00	0,00

7768	0,00	0,00

7771	0,00	0,00

7773	0,00	0,00

7776	0,00	0,00

7779	0,00	0,00

7782	0,00	0,00

7785	0,00	0,00

7787	0,00	0,00

7790	0,00	0,00

7793	0,00	0,00

7796	0,00	0,00

7798	0,00	0,00

7801	0,00	0,00

7804	0,00	0,00

7808	0,00	0,00

7810	0,00	0,00

7813	0,00	0,00

7816	0,00	0,00

7819	0,00	0,00

7821	0,00	0,00

7824	0,00	0,00

7827	0,00	0,00

7830	0,00	0,00

7832	0,00	0,00

7835	0,00	0,00

7838	0,00	0,00

7841	0,00	0,00

7844	0,00	0,00

7846	0,00	0,00

7849	0,00	0,00

7853	0,00	0,00

7856	0,00	0,00

7858	0,00	0,00

7861	0,00	0,00

7864	0,00	0,00

7867	0,00	0,00

7869	0,00	0,00

7872	0,00	0,00

7875	0,00	0,00

7878	0,00	0,00

7880	0,00	0,00

7883	0,00	0,00

7886	0,00	0,00

7889	0,00	0,00

7891	0,00	0,00

7895	0,00	0,00

7898	0,00	0,00

7901	0,00	0,00

7904	0,00	0,00

7906	0,00	0,00

7909	0,00	0,00

7912	0,00	0,00

7915	0,00	0,00

7917	0,00	0,00

7920	0,00	0,00

7923	0,00	0,00

7926	0,00	0,00

7928	0,00	0,00

7931	0,00	0,00

7934	0,00	0,00

7938	0,00	0,00

7940	0,00	0,00

7943	0,00	0,00

7946	0,00	0,00

7949	0,00	0,00

7952	0,00	0,00

7954	0,00	0,00

7957	0,00	0,00

7960	0,00	0,00

7963	0,00	0,00

7965	0,00	0,00

7968	0,00	0,00

7971	0,00	0,00

7974	0,00	0,00

7976	0,00	0,00

7980	0,00	0,00

7983	0,00	0,00

7986	0,00	0,00

7988	0,00	0,00

7991	0,00	0,00

7994	0,00	0,00

7997	0,00	0,00

7999	0,00	0,00

8002	10,00	0,00

8005	10,00	0,00

8008	10,00	0,00

8011	10,00	0,19

8014	10,00	0,33

8017	10,00	0,55

8020	10,00	0,72

8023	10,00	0,94

8026	10,00	1,13

8029	10,00	1,27

8032	10,00	1,48

8035	10,00	1,46

8038	10,00	1,45

8041	10,00	1,44

8044	10,00	1,61

8047	10,00	1,66

8050	10,00	1,61

8053	10,00	1,66

8056	10,00	1,70

8059	10,00	1,82

8062	10,00	1,83

8066	10,00	1,84

8068	10,00	2,03

8071	10,00	1,90

8074	10,00	1,89

8077	10,00	1,88

8080	10,00	1,88

8083	10,00	1,87

8086	10,00	1,87

8089	10,00	1,87

8092	10,00	1,87

8095	10,00	1,86

8098	10,00	1,86

8101	10,00	1,86

8104	10,00	1,86

8108	10,00	1,86

8111	10,00	1,86

8114	10,00	1,86

8117	10,00	1,86

8120	10,00	1,86

8122	10,00	1,86

8125	10,00	1,86

8128	10,00	1,86

8131	10,00	1,86

8134	10,00	1,86

8137	10,00	1,86

8140	10,00	1,86

8143	10,00	1,86

8146	10,00	1,86

8150	10,00	1,86

8153	10,00	1,86

8156	10,00	1,86

8159	10,00	1,86

8162	10,00	1,86

8165	10,00	1,86

8168	10,00	1,86

8171	10,00	1,86

8174	10,00	2,04

8177	10,00	1,91

8180	10,00	2,09

8182	10,00	2,23

8185	10,00	2,34

8188	10,00	2,43

8192	10,00	2,31

8195	10,00	2,22

8198	10,00	2,15

8201	10,00	2,09

8204	10,00	2,04

8207	10,00	2,01

8210	10,00	1,98

8213	10,00	1,95

8216	10,00	1,93

8219	10,00	1,92

8222	10,00	1,91

8225	10,00	1,90

8228	10,00	2,07

8231	10,00	1,94

8235	10,00	1,92

8238	10,00	1,91

8241	10,00	1,90

8243	10,00	1,89

8246	10,00	1,88

8249	10,00	1,88

8252	10,00	1,87

8255	10,00	1,87

8258	10,00	1,87

8261	10,00	1,87

8264	10,00	1,86

8267	10,00	1,86

8270	10,00	1,86

8273	10,00	1,86

8276	10,00	2,05

8280	10,00	2,19

8283	10,00	2,03

8286	10,00	2,00

8289	10,00	1,97

8292	10,00	1,95

8295	10,00	1,93

8298	10,00	1,91

8300	10,00	1,90

8303	10,00	1,99

8306	10,00	1,96

8309	10,00	1,94

8312	10,00	1,92

8315	10,00	1,91

8318	10,00	1,90

8322	10,00	1,89

8325	10,00	1,88

8328	10,00	1,88

8331	10,00	1,87

8334	10,00	1,96

8337	10,00	1,94

8340	10,00	1,93

8343	10,00	1,91

8346	10,00	1,90

8349	10,00	1,89

8352	10,00	1,88

8354	10,00	1,88

8357	10,00	1,97

8360	10,00	2,13

8364	10,00	2,08

8367	10,00	2,03

8370	10,00	2,00

8373	10,00	1,97

8376	10,00	1,95

8379	10,00	1,93

8382	10,00	1,91

8385	10,00	1,90

8388	10,00	1,80

8391	10,00	1,81

8394	10,00	1,82

8397	10,00	1,83

8400	10,00	1,83

8403	10,00	2,02

8407	10,00	1,90

8409	10,00	1,89

8412	10,00	1,88

8415	10,00	1,88

8418	10,00	1,87

8421	10,00	1,87

8424	10,00	1,87

8427	10,00	1,77

8430	10,00	1,79

8433	10,00	1,80

8436	10,00	1,81

8439	10,00	1,82

8442	10,00	2,01

8445	10,00	1,98

8449	10,00	1,87

8452	10,00	1,86

8455	10,00	1,86

8458	10,00	1,86

8461	10,00	1,86

8464	10,00	1,86

8466	10,00	1,86

8469	10,00	1,95

8472	10,00	2,12

8475	10,00	2,07

8478	10,00	2,02

8481	10,00	1,99

8484	10,00	1,96

8487	10,00	2,04

8491	10,00	2,00

8494	10,00	1,97

8497	10,00	1,95

8500	10,00	1,93

8503	10,00	1,92

8506	10,00	1,90

8509	10,00	1,89

8512	10,00	1,98

8515	10,00	1,95

8518	10,00	1,94

8520	10,00	1,92

8523	10,00	1,91

8526	10,00	1,90

8529	10,00	1,89

8532	10,00	2,07

8536	10,00	2,12

8539	10,00	2,07

8542	10,00	2,02

8545	10,00	1,99

8548	10,00	1,96

8551	10,00	1,94

8554	10,00	1,93

8557	10,00	1,91

8560	10,00	1,90

8563	10,00	1,89

8566	10,00	1,79

8569	10,00	1,80

8572	10,00	1,82

8576	10,00	1,82

8579	10,00	1,83

8582	10,00	1,84

8584	10,00	2,03

8587	10,00	1,90

8590	10,00	1,89

8593	10,00	1,88

8596	10,00	1,88

8599	10,00	1,87

8602	10,00	1,87

8605	10,00	1,87

8608	10,00	1,87

8611	10,00	1,96

8614	10,00	1,94

8617	10,00	1,92

8621	10,00	1,91

8624	10,00	1,90

8627	10,00	2,08

8630	10,00	1,94

8633	10,00	1,92

8636	10,00	1,91

8639	10,00	1,90

8641	10,00	1,89

8644	10,00	1,88

8647	10,00	1,88

8650	10,00	1,87

8653	10,00	2,06

8656	10,00	1,92

8659	10,00	1,91

8663	10,00	1,90

8666	10,00	1,89

8669	10,00	1,88

8672	10,00	1,88

8675	10,00	1,97

8678	10,00	2,13

8681	10,00	2,08

8684	10,00	2,03

8687	10,00	2,00

8690	10,00	1,97

8693	10,00	1,95

8696	10,00	1,93

8698	10,00	1,91

8701	10,00	2,09

8705	10,00	2,13

8708	10,00	2,08

8711	10,00	2,03

8714	10,00	2,00

8717	10,00	1,97

8720	10,00	2,13

8723	10,00	2,17

8726	10,00	2,11

8729	10,00	2,06

8732	10,00	2,02

8735	10,00	1,99

8738	10,00	1,96

8741	10,00	1,94

8744	10,00	1,92

8748	10,00	2,00

8751	10,00	1,97

8753	10,00	1,95

8756	10,00	1,93

8759	10,00	1,92

8762	10,00	1,90

8765	10,00	1,89

8768	10,00	1,89

8771	10,00	1,88

8774	10,00	1,97

8777	10,00	1,95

8780	10,00	1,93

8783	10,00	1,91

8786	10,00	1,90

8790	10,00	1,89

8793	10,00	1,89

8796	10,00	1,88

8799	10,00	1,88

8802	10,00	1,87

8805	10,00	1,87

8808	10,00	1,87

8811	10,00	1,86

8813	10,00	1,86

8816	10,00	1,77

8819	10,00	1,97

8822	10,00	1,95

8825	10,00	2,12

8828	10,00	2,06

8832	10,00	2,02

8835	10,00	1,99

8838	10,00	1,96

8841	10,00	1,94

8844	10,00	1,92

8847	10,00	1,91

8850	10,00	1,90

8853	10,00	1,89

8856	10,00	1,98

8859	10,00	2,14

8862	10,00	2,08

8865	10,00	2,04

8868	10,00	2,00

8871	10,00	1,97

8873	10,00	1,95

8877	10,00	1,93

8880	10,00	1,92

8883	10,00	1,90

8886	10,00	1,89

8889	10,00	1,89

8892	10,00	1,88

8895	10,00	1,88

8898	10,00	1,87

8901	10,00	2,05

8904	10,00	2,20

8907	10,00	2,04

8910	10,00	2,00

8913	10,00	1,97

8916	10,00	1,95

8920	10,00	1,93

8923	10,00	1,92

8926	10,00	1,90

8929	10,00	1,89

8932	10,00	1,89

8934	10,00	1,88

8937	10,00	1,88

8940	10,00	2,06

8943	10,00	2,11

8946	10,00	2,06

8949	10,00	2,02

8952	10,00	1,99

8955	10,00	1,96

8958	10,00	1,94

8962	10,00	1,92

8965	10,00	1,91

8968	10,00	1,90

8971	10,00	1,89

8974	10,00	1,88

8977	10,00	1,88

8980	10,00	1,87

8983	10,00	1,87

8986	10,00	2,05

8989	10,00	2,01

8992	10,00	1,89

8994	10,00	1,88

8997	10,00	1,88

9000	10,00	1,87

9004	10,00	1,87

9007	10,00	1,87

9010	10,00	1,87

9013	10,00	1,86

9016	10,00	1,86

9019	10,00	1,86

9022	10,00	1,86

9025	10,00	1,86

9028	10,00	1,86

9031	10,00	1,86

9034	10,00	2,04

9037	10,00	2,19

9040	10,00	2,22

9043	10,00	2,15

9047	10,00	2,09

9050	10,00	2,04

9053	10,00	2,00

9056	10,00	1,98

9059	10,00	1,95

9061	10,00	1,93

9064	10,00	1,92

9067	10,00	1,91

9070	10,00	1,90

9073	10,00	2,07

9076	10,00	2,22

9079	10,00	2,24

9082	10,00	2,16

9085	10,00	2,10

9089	10,00	2,05

9092	10,00	2,01

9095	10,00	1,98

9098	10,00	1,96

9101	10,00	1,94

9104	10,00	1,92

9107	10,00	1,91

9110	10,00	1,90

9113	10,00	1,89

9116	10,00	2,07

9119	10,00	2,12

9122	10,00	2,07

9125	10,00	2,02

9128	10,00	1,99

9131	10,00	1,96

9134	10,00	1,94

9137	10,00	1,93

9140	10,00	1,91

9143	10,00	1,90

9146	10,00	1,89

9149	10,00	1,88

9152	10,00	1,88

9155	10,00	1,87

9158	10,00	1,87

9161	10,00	1,87

9164	10,00	2,05

9167	10,00	2,11

9170	10,00	2,24

9174	10,00	2,35

9177	10,00	2,25

9180	10,00	2,17

9183	10,00	2,11

9186	10,00	2,06

9189	10,00	2,02

9191	10,00	1,99

9194	10,00	1,96

9197	10,00	1,94

9200	10,00	2,02

9203	10,00	2,17

9206	10,00	2,29

9209	10,00	2,21

9212	10,00	2,14

9216	10,00	2,08

9219	10,00	2,04

9222	10,00	2,00

9225	10,00	1,97

9228	10,00	1,95

9231	10,00	1,93

9234	10,00	1,92

9237	10,00	1,90

9240	10,00	1,89

9243	10,00	1,89

9246	10,00	1,88

9249	10,00	1,88

9251	10,00	1,78

9254	10,00	1,98

9257	10,00	1,96

9261	10,00	1,94

9264	10,00	1,92

9267	10,00	1,91

9270	10,00	1,90

9273	10,00	1,89

9276	10,00	1,88

9279	10,00	1,88

9282	10,00	1,87

9285	10,00	2,06

9288	10,00	2,11

9291	10,00	2,06

9294	10,00	2,02

9297	10,00	1,99

9300	10,00	1,96

9304	10,00	1,94

9307	10,00	1,92

9309	10,00	1,91

9312	10,00	1,90

9315	10,00	1,89

9318	10,00	1,88

9321	10,00	1,88

9324	10,00	2,06

9327	10,00	2,11

9330	10,00	2,25

9333	10,00	2,17

9336	10,00	2,11

9339	10,00	2,06

9342	10,00	2,02

9346	10,00	1,98

9349	10,00	1,96

9352	10,00	1,94

9355	10,00	1,92

9358	10,00	1,91

9361	10,00	1,90

9364	10,00	1,89

9367	10,00	2,07

9370	10,00	2,12

9373	10,00	2,07

9375	10,00	2,02

9378	10,00	1,99

9381	10,00	1,96

9384	10,00	1,94

9388	10,00	1,93

9391	10,00	1,91

9394	10,00	1,90

9397	10,00	1,89

9400	10,00	1,88

9403	10,00	1,88

9406	10,00	1,87

9409	10,00	1,87

9412	10,00	1,87

9415	10,00	1,87

9418	10,00	2,05

9421	10,00	2,10

9424	10,00	2,24

9427	10,00	2,16

9431	10,00	2,10

9434	10,00	2,05

9437	10,00	2,01

9439	10,00	1,98

9442	10,00	1,96

9445	10,00	1,94

9448	10,00	1,92

9451	10,00	2,09

9454	10,00	2,14

9457	10,00	2,08

9460	10,00	2,04

9463	10,00	2,00

9466	10,00	1,97

9469	10,00	1,95

9473	10,00	1,93

9476	10,00	1,92

9479	10,00	1,90

9482	10,00	1,89

9485	10,00	1,89

9488	10,00	1,88

9491	10,00	1,88

9494	10,00	1,87

9497	10,00	2,05

9499	10,00	2,11

9502	10,00	2,06

9505	10,00	2,02

9508	10,00	1,99

9511	10,00	1,96

9515	10,00	1,94

9518	10,00	1,92

9521	10,00	1,91

9524	10,00	1,90

9527	10,00	1,89

9530	10,00	1,88

9533	10,00	1,88

9536	10,00	2,06

9539	10,00	2,11

9542	10,00	2,25

9545	10,00	2,35

9548	10,00	2,44

9551	10,00	2,51

9554	10,00	2,38

9558	10,00	2,27

9561	10,00	2,19

9564	10,00	2,12

9567	10,00	2,07

9569	10,00	2,03

9572	10,00	1,99

9575	10,00	1,97

9578	10,00	1,94

9581	10,00	1,93

9584	10,00	1,91

9587	10,00	1,90

9590	10,00	1,80

9593	10,00	1,81

9596	10,00	1,82

9600	10,00	1,83

9603	10,00	1,83

9606	10,00	1,84

9609	10,00	1,84

9612	10,00	1,84

9614	10,00	1,85

9617	10,00	1,94

9620	10,00	2,20

9623	10,00	2,04

9626	10,00	2,00

9629	10,00	1,97

9632	10,00	1,95

9635	10,00	1,93

9638	10,00	1,92

9641	10,00	1,91

9645	10,00	1,90

9648	10,00	1,89

9651	10,00	1,88

9654	10,00	1,88

9657	10,00	1,87

9660	10,00	1,87

9663	10,00	1,87

9666	10,00	2,05

9669	10,00	2,10

9672	10,00	2,06

9674	10,00	2,02

9677	10,00	1,98

9680	10,00	1,96

9683	10,00	1,94

9687	10,00	1,92

9690	10,00	1,91

9693	10,00	1,99

9696	10,00	1,96

9699	10,00	1,94

9702	10,00	1,93

9705	10,00	1,91

9708	10,00	1,90

9711	10,00	1,89

9714	10,00	1,88

9717	10,00	1,88

9720	10,00	1,87

9723	10,00	1,87

9726	10,00	1,87

9730	10,00	1,87

9732	10,00	1,86

9735	10,00	2,05

9738	10,00	2,10

9741	10,00	2,05

9744	10,00	2,01

9747	10,00	1,98

9750	10,00	1,96

9753	10,00	1,94

9756	10,00	1,92

9759	10,00	1,91

9762	10,00	1,90

9765	10,00	1,89

9768	10,00	1,88

9772	10,00	2,06

9775	10,00	2,11

9778	10,00	2,25

9781	10,00	2,36

9784	10,00	2,26

9787	10,00	2,36

9790	10,00	2,26

9793	10,00	2,18

9795	10,00	2,12

9798	10,00	2,06

9801	10,00	2,02

9804	10,00	1,99

9807	10,00	1,96

9810	10,00	1,94

9814	10,00	1,92

9817	10,00	1,91

9820	10,00	1,90

9823	10,00	1,89

9826	10,00	1,88

9829	10,00	2,06

9832	10,00	1,93

9835	10,00	1,92

9838	10,00	1,90

9841	10,00	1,89

9844	10,00	1,89

9847	10,00	1,88

9850	10,00	1,88

9852	10,00	1,87

9856	10,00	1,87

9859	10,00	1,87

9862	10,00	2,05

9865	10,00	2,20

9868	10,00	2,31

9871	10,00	2,32

9874	10,00	2,41

9877	10,00	2,30

9880	10,00	2,40

9883	10,00	2,29

9886	10,00	2,20

9889	10,00	2,13

9892	10,00	2,08

9895	10,00	2,03

9899	10,00	2,00

9902	10,00	1,97

9905	10,00	1,95

9908	10,00	1,93

9911	10,00	1,91

9914	10,00	1,90

9916	10,00	1,89

9919	10,00	1,89

9922	10,00	1,88

9925	10,00	1,97

9928	10,00	2,13

9931	10,00	2,08

9934	10,00	2,03

9937	10,00	2,00

9940	10,00	1,97

9944	10,00	2,13

9947	10,00	2,08

9950	10,00	2,03

9953	10,00	2,00

9956	10,00	1,97

9959	10,00	1,95

9962	10,00	1,93

9965	10,00	1,91

9968	10,00	1,90

9971	10,00	1,89

9974	10,00	1,89

9977	10,00	2,07

9980	10,00	2,21

9984	10,00	2,05

9986	10,00	2,19

9989	10,00	2,13

9992	10,00	2,07

9995	10,00	2,03

9998	10,00	1,99

10001	0,00	1,97

10004	0,00	1,95

10007	0,00	1,83

10010	0,00	1,84

10013	0,00	1,75

10016	0,00	1,68

10018	0,00	1,62

10021	0,00	1,48

10024	0,00	1,37

10028	0,00	1,19

10031	0,00	1,05

10034	0,00	0,93

10036	0,00	0,84

10039	0,00	0,76

10042	0,00	0,61

10045	0,00	0,49

10048	0,00	0,48

10051	0,00	0,39

10053	0,00	0,31

10056	0,00	0,25

10059	0,00	0,20

10062	0,00	0,16

10065	0,00	0,13

10067	0,00	0,10

10071	0,00	0,08

10074	0,00	0,06

10077	0,00	0,05

10080	0,00	0,04

10082	0,00	0,03

10085	0,00	0,03

10088	0,00	0,02

10091	0,00	0,02

10094	0,00	0,01

10096	0,00	0,01

10099	0,00	0,01

10102	0,00	0,01

10105	0,00	0,01

10108	0,00	0,00

10110	0,00	0,00

10114	0,00	0,00

10117	0,00	0,00

10120	0,00	0,00

10123	0,00	0,00

10125	0,00	0,00

10128	0,00	0,00

10131	0,00	0,00

10134	0,00	0,00

10137	0,00	0,00

10139	0,00	0,00

10142	0,00	0,00

10145	0,00	0,00

10148	0,00	0,00

10151	0,00	0,00

10153	0,00	0,00

10157	0,00	0,00

10160	0,00	0,00

10163	0,00	0,00

10166	0,00	0,00

10168	0,00	0,00

10171	0,00	0,00

10174	0,00	0,00

10177	0,00	0,00

10180	0,00	0,00

10182	0,00	0,00

10185	0,00	0,00

10188	0,00	0,00

10191	0,00	0,00

10194	0,00	0,00

10196	0,00	0,00

10200	0,00	0,00

10203	0,00	0,00

10206	0,00	0,00

10209	0,00	0,00

10211	0,00	0,00

10214	0,00	0,00

10217	0,00	0,00

10220	0,00	0,00

10223	0,00	0,00

10225	0,00	0,00

10228	0,00	0,00

10231	0,00	0,00

10234	0,00	0,00

10237	0,00	0,00

10240	0,00	0,00

10243	0,00	0,00

10246	0,00	0,00

10249	0,00	0,00

10252	0,00	0,00

10254	0,00	0,00

10257	0,00	0,00

10260	0,00	0,00

10263	0,00	0,00

10266	0,00	0,00

10269	0,00	0,00

10271	0,00	0,00

10274	0,00	0,00

10277	0,00	0,00

10280	0,00	0,00

10284	0,00	0,00

10286	0,00	0,00

10289	0,00	0,00

10292	0,00	0,00

10295	0,00	0,00

10298	0,00	0,00

10300	0,00	0,00

10303	0,00	0,00

10306	0,00	0,00

10309	0,00	0,00

10312	0,00	0,00

10314	0,00	0,00

10317	0,00	0,00

10320	0,00	0,00

10323	0,00	0,00

10327	0,00	0,00

10329	0,00	0,00

10332	0,00	0,00

10335	0,00	0,00

10338	0,00	0,00

10341	0,00	0,00

10343	0,00	0,00

10346	0,00	0,00

10349	0,00	0,00

10352	0,00	0,00

10355	0,00	0,00

10357	0,00	0,00

10360	0,00	0,00

10363	0,00	0,00

10366	0,00	0,00

10370	0,00	0,00

10372	0,00	0,00

10375	0,00	0,00

10378	0,00	0,00

10381	0,00	0,00

10384	0,00	0,00

10386	0,00	0,00

10389	0,00	0,00

10392	0,00	0,00

10395	0,00	0,00

10398	0,00	0,00

10400	0,00	0,00

10403	0,00	0,00

10406	0,00	0,00

10409	0,00	0,00

10413	0,00	0,00

10415	0,00	0,00

10418	0,00	0,00

10421	0,00	0,00

10424	0,00	0,00

10427	0,00	0,00

10429	0,00	0,00

10432	0,00	0,00

10435	0,00	0,00

10438	0,00	0,00

10441	0,00	0,00

10443	0,00	0,00

10446	0,00	0,00

10449	0,00	0,00

10452	0,00	0,00

10456	0,00	0,00

10458	0,00	0,00

10461	0,00	0,00

10464	0,00	0,00

10467	0,00	0,00

10470	0,00	0,00

10473	0,00	0,00

10475	0,00	0,00

10478	0,00	0,00

10481	0,00	0,00

10484	0,00	0,00

10487	0,00	0,00

10489	0,00	0,00

10492	0,00	0,00

10496	0,00	0,00

10499	0,00	0,00

10502	0,00	0,00

10504	0,00	0,00

10507	0,00	0,00

10510	0,00	0,00

10513	0,00	0,00

10516	0,00	0,00

10518	0,00	0,00

10521	0,00	0,00

10524	0,00	0,00

10527	0,00	0,00

10530	0,00	0,00

10532	0,00	0,00

10535	0,00	0,00

10539	0,00	0,00

10542	0,00	0,00

10545	0,00	0,00

10547	0,00	0,00

10550	0,00	0,00

10553	0,00	0,00

10556	0,00	0,00

10559	0,00	0,00

10561	0,00	0,00

10564	0,00	0,00

10567	0,00	0,00

10570	0,00	0,00

10573	0,00	0,00

10575	0,00	0,00

10578	0,00	0,00

10582	0,00	0,00

10585	0,00	0,00

10588	0,00	0,00

10590	0,00	0,00

10593	0,00	0,00

10596	0,00	0,00

10599	0,00	0,00

10602	0,00	0,00

10605	0,00	0,00

10607	0,00	0,00

10610	0,00	0,00

10613	0,00	0,00

10616	0,00	0,00

10619	0,00	0,00

10621	0,00	0,00

10625	0,00	0,00

10628	0,00	0,00

10631	0,00	0,00

10634	0,00	0,00

10636	0,00	0,00

10639	0,00	0,00

10642	0,00	0,00

10645	0,00	0,00

10648	0,00	0,00

10650	0,00	0,00

10653	0,00	0,00

10656	0,00	0,00

10659	0,00	0,00

10662	0,00	0,00

10664	0,00	0,00

10668	0,00	0,00

10671	0,00	0,00

10674	0,00	0,00

10677	0,00	0,00

10679	0,00	0,00

10682	0,00	0,00

10685	0,00	0,00

10688	0,00	0,00

10691	0,00	0,00

10693	0,00	0,00

10696	0,00	0,00

10699	0,00	0,00

10702	0,00	0,00

10705	0,00	0,00

10707	0,00	0,00

10711	0,00	0,00

10714	0,00	0,00

10717	0,00	0,00

10720	0,00	0,00

10722	0,00	0,00

10725	0,00	0,00

10728	0,00	0,00

10731	0,00	0,00

10734	0,00	0,00

10736	0,00	0,00

10739	0,00	0,00

10742	0,00	0,00

10745	0,00	0,00

10748	0,00	0,00

10750	0,00	0,00

10754	0,00	0,00

10757	0,00	0,00

10760	0,00	0,00

10763	0,00	0,00

10766	0,00	0,00

10768	0,00	0,00

10771	0,00	0,00

10774	0,00	0,00

10777	0,00	0,00

10780	0,00	0,00

10782	0,00	0,00

10785	0,00	0,00

10788	0,00	0,00

10791	0,00	0,00

10795	0,00	0,00

10797	0,00	0,00

10800	0,00	0,00

10803	0,00	0,00

10806	0,00	0,00

10809	0,00	0,00

10811	0,00	0,00

10814	0,00	0,00

10817	0,00	0,00

10820	0,00	0,00

10823	0,00	0,00

10825	0,00	0,00

10828	0,00	0,00

10831	0,00	0,00

10834	0,00	0,00

10838	0,00	0,00

10840	0,00	0,00

10843	0,00	0,00

10846	0,00	0,00

10849	0,00	0,00

10852	0,00	0,00

10854	0,00	0,00

10857	0,00	0,00

10860	0,00	0,00

10863	0,00	0,00

10866	0,00	0,00

10868	0,00	0,00

10871	0,00	0,00

10874	0,00	0,00

10877	0,00	0,00

10881	0,00	0,00

10883	0,00	0,00

10886	0,00	0,00

10889	0,00	0,00

10892	0,00	0,00

10895	0,00	0,00

10897	0,00	0,00

10900	0,00	0,00

10903	0,00	0,00

10906	0,00	0,00

10909	0,00	0,00

10911	0,00	0,00

10914	0,00	0,00

10917	0,00	0,00

10920	0,00	0,00

10924	0,00	0,00

10926	0,00	0,00

10929	0,00	0,00

10932	0,00	0,00

10935	0,00	0,00

10938	0,00	0,00

10940	0,00	0,00

10943	0,00	0,00

10946	0,00	0,00

10949	0,00	0,00

10952	0,00	0,00

10954	0,00	0,00

10957	0,00	0,00

10960	0,00	0,00

10963	0,00	0,00

10967	0,00	0,00

10969	0,00	0,00

10972	0,00	0,00

10975	0,00	0,00

10978	0,00	0,00

10981	0,00	0,00

10983	0,00	0,00

10986	0,00	0,00

10989	0,00	0,00

10992	0,00	0,00

10995	0,00	0,00

10997	0,00	0,00

11000	0,00	0,00

11003	0,00	0,00

11006	0,00	0,00

11010	0,00	0,00

11012	0,00	0,00

11015	0,00	0,00

11018	0,00	0,00

11021	0,00	0,00

11024	0,00	0,00

11026	0,00	0,00

11029	0,00	0,00

11032	0,00	0,00

11035	0,00	0,00

11038	0,00	0,00

11040	0,00	0,00

11043	0,00	0,00

11046	0,00	0,00

11049	0,00	0,00

11053	0,00	0,00

11055	0,00	0,00

11058	0,00	0,00

11061	0,00	0,00

11064	0,00	0,00

11067	0,00	0,00

11069	0,00	0,00

11072	0,00	0,00

11075	0,00	0,00

11078	0,00	0,00

11081	0,00	0,00

11083	0,00	0,00

11086	0,00	0,00

11089	0,00	0,00

11092	0,00	0,00

11096	0,00	0,00

11099	0,00	0,00

11101	0,00	0,00

11104	0,00	0,00

11107	0,00	0,00

11110	0,00	0,00

11113	0,00	0,00

11115	0,00	0,00

11118	0,00	0,00

11121	0,00	0,00

11124	0,00	0,00

11127	0,00	0,00

11129	0,00	0,00

11132	0,00	0,00

11136	0,00	0,00

11139	0,00	0,00

11142	0,00	0,00

11144	0,00	0,00

11147	0,00	0,00

11150	0,00	0,00

11153	0,00	0,00

11156	0,00	0,00

11158	0,00	0,00

11161	0,00	0,00

11164	0,00	0,00

11167	0,00	0,00

11170	0,00	0,00

11172	0,00	0,00

11175	0,00	0,00

11179	0,00	0,00

11182	0,00	0,00

11185	0,00	0,00

11187	0,00	0,00

11190	0,00	0,00

11193	0,00	0,00

11196	0,00	0,00

11199	0,00	0,00

11201	0,00	0,00

11204	0,00	0,00

11207	0,00	0,00

11210	0,00	0,00

11213	0,00	0,00

11215	0,00	0,00

11218	0,00	0,00

11222	0,00	0,00

11225	0,00	0,00

11228	0,00	0,00

11230	0,00	0,00

11233	0,00	0,00

11236	0,00	0,00

11239	0,00	0,00

11242	0,00	0,00

11244	0,00	0,00

11247	0,00	0,00

11250	0,00	0,00

11253	0,00	0,00

11256	0,00	0,00

11258	0,00	0,00

11261	0,00	0,00

11265	0,00	0,00

11268	0,00	0,00

11271	0,00	0,00

11273	0,00	0,00

11276	0,00	0,00

11279	0,00	0,00

11282	0,00	0,00

11285	0,00	0,00

11287	0,00	0,00

11290	0,00	0,00

11293	0,00	0,00

11296	0,00	0,00

11299	0,00	0,00

11302	0,00	0,00

11304	0,00	0,00

11308	0,00	0,00

11311	0,00	0,00

11314	0,00	0,00

11317	0,00	0,00

11319	0,00	0,00

11322	0,00	0,00

11325	0,00	0,00

11328	0,00	0,00

11331	0,00	0,00

11333	0,00	0,00

11336	0,00	0,00

11339	0,00	0,00

11342	0,00	0,00

11345	0,00	0,00

11347	0,00	0,00

11351	0,00	0,00

11354	0,00	0,00

11357	0,00	0,00

11360	0,00	0,00

11362	0,00	0,00

11365	0,00	0,00

11368	0,00	0,00

11371	0,00	0,00

11374	0,00	0,00

11376	0,00	0,00

11379	0,00	0,00

11382	0,00	0,00

11385	0,00	0,00

11388	0,00	0,00

11390	0,00	0,00

11394	0,00	0,00

11397	0,00	0,00

11400	0,00	0,00

11403	0,00	0,00

11405	0,00	0,00

11408	0,00	0,00

11411	0,00	0,00

11414	0,00	0,00

11417	0,00	0,00

11419	0,00	0,00

11422	0,00	0,00

11425	0,00	0,00

11428	0,00	0,00

11431	0,00	0,00

11433	0,00	0,00

11437	0,00	0,00

11440	0,00	0,00

11443	0,00	0,00

11446	0,00	0,00

11448	0,00	0,00

11451	0,00	0,00

11454	0,00	0,00

11457	0,00	0,00

11460	0,00	0,00

11463	0,00	0,00

11465	0,00	0,00

11468	0,00	0,00

11471	0,00	0,00

11474	0,00	0,00

11478	0,00	0,00

11480	0,00	0,00

11483	0,00	0,00

11486	0,00	0,00

11489	0,00	0,00

11492	0,00	0,00

11494	0,00	0,00

11497	0,00	0,00

11500	0,00	0,00

11503	0,00	0,00

11506	0,00	0,00

11508	0,00	0,00

11511	0,00	0,00

11514	0,00	0,00

11517	0,00	0,00

11521	0,00	0,00

11523	0,00	0,00

11526	0,00	0,00

11529	0,00	0,00

11532	0,00	0,00

11535	0,00	0,00

11537	0,00	0,00

11540	0,00	0,00

11543	0,00	0,00

11546	0,00	0,00

11549	0,00	0,00

11551	0,00	0,00

11554	0,00	0,00

11557	0,00	0,00

11560	0,00	0,00

11564	0,00	0,00

11566	0,00	0,00

11569	0,00	0,00

11572	0,00	0,00

11575	0,00	0,00

11578	0,00	0,00

11580	0,00	0,00

11583	0,00	0,00

11586	0,00	0,00

11589	0,00	0,00

11592	0,00	0,00

11594	0,00	0,00

11597	0,00	0,00

11600	0,00	0,00

11603	0,00	0,00

11607	0,00	0,00

11609	0,00	0,00

11612	0,00	0,00

11615	0,00	0,00

11618	0,00	0,00

11621	0,00	0,00

11623	0,00	0,00

11626	0,00	0,00

11629	0,00	0,00

11632	0,00	0,00

11635	0,00	0,00

11637	0,00	0,00

11640	0,00	0,00

11643	0,00	0,00

11646	0,00	0,00

11650	0,00	0,00

11652	0,00	0,00

11655	0,00	0,00

11658	0,00	0,00

11661	0,00	0,00

11664	0,00	0,00

11666	0,00	0,00

11669	0,00	0,00

11672	0,00	0,00

11675	0,00	0,00

11678	0,00	0,00

11680	0,00	0,00

11683	0,00	0,00

11686	0,00	0,00

11689	0,00	0,00

11693	0,00	0,00

11695	0,00	0,00

11698	0,00	0,00

11701	0,00	0,00

11704	0,00	0,00

11707	0,00	0,00

11709	0,00	0,00

11712	0,00	0,00

11715	0,00	0,00

11718	0,00	0,00

11721	0,00	0,00

11723	0,00	0,00

11726	0,00	0,00

11729	0,00	0,00

11732	0,00	0,00

11736	0,00	0,00

11739	0,00	0,00

11741	0,00	0,00

11744	0,00	0,00

11747	0,00	0,00

11750	0,00	0,00

11753	0,00	0,00

11755	0,00	0,00

11758	0,00	0,00

11761	0,00	0,00

11764	0,00	0,00

11767	0,00	0,00

11769	0,00	0,00

11772	0,00	0,00

11776	0,00	0,00

11779	0,00	0,00

11782	0,00	0,00

11784	0,00	0,00

11787	0,00	0,00

11790	0,00	0,00

11793	0,00	0,00

11796	0,00	0,00

11798	0,00	0,00

11801	0,00	0,00

11804	0,00	0,00

11807	0,00	0,00

11810	0,00	0,00

11812	0,00	0,00

11815	0,00	0,00

11819	0,00	0,00

11822	0,00	0,00

11825	0,00	0,00

11827	0,00	0,00

11830	0,00	0,00

11833	0,00	0,00

11836	0,00	0,00

11839	0,00	0,00

11841	0,00	0,00

11844	0,00	0,00

11847	0,00	0,00

11850	0,00	0,00

11853	0,00	0,00

11855	0,00	0,00

11858	0,00	0,00

11862	0,00	0,00

11865	0,00	0,00

11868	0,00	0,00

11870	0,00	0,00

11873	0,00	0,00

11876	0,00	0,00

11879	0,00	0,00

11882	0,00	0,00

11885	0,00	0,00

11887	0,00	0,00

11890	0,00	0,00

11893	0,00	0,00

11896	0,00	0,00

11899	0,00	0,00

11901	0,00	0,00

11905	0,00	0,00

11908	0,00	0,00

11911	0,00	0,00

11914	0,00	0,00

11916	0,00	0,00

11919	0,00	0,00

11922	0,00	0,00

11925	0,00	0,00

11927	0,00	0,00

11930	0,00	0,00

11933	0,00	0,00

11936	0,00	0,00

11939	0,00	0,00

11942	0,00	0,00

11944	0,00	0,00

11948	0,00	0,00

11951	0,00	0,00

11954	0,00	0,00

11957	0,00	0,00

11959	0,00	0,00

11962	0,00	0,00

11965	0,00	0,00

11968	0,00	0,00

11971	0,00	0,00

11973	0,00	0,00

11976	0,00	0,00

11979	0,00	0,00

11982	0,00	0,00

11985	0,00	0,00

11987	0,00	0,00

11991	0,00	0,00

11994	0,00	0,00

11997	0,00	0,00

12000	10,00	0,00

12002	10,00	0,00

12005	10,00	0,00

12008	10,00	0,09

12011	10,00	0,26

12014	10,00	0,39

12017	10,00	0,59

12020	10,00	0,66

12023	10,00	0,81

12026	10,00	0,92

12029	10,00	1,11

12033	10,00	1,17

12036	10,00	1,21

12039	10,00	1,25

12042	10,00	1,28

12045	10,00	1,39

12048	10,00	1,39

12051	10,00	1,67

12054	10,00	1,62

12057	10,00	1,66

12060	10,00	1,70

12063	10,00	1,73

12066	10,00	1,76

12069	10,00	1,78

12072	10,00	1,79

12076	10,00	1,81

12079	10,00	1,82

12082	10,00	1,82

12085	10,00	1,83

12088	10,00	1,84

12091	10,00	1,84

12094	10,00	1,84

12096	10,00	1,85

12099	10,00	1,85

12102	10,00	1,85

12105	10,00	1,85

12108	10,00	1,85

12111	10,00	1,85

12114	10,00	1,85

12118	10,00	1,85

12121	10,00	1,85

12124	10,00	1,86

12127	10,00	1,86

12130	10,00	1,86

12133	10,00	1,86

12136	10,00	1,86

12139	10,00	1,86

12142	10,00	1,86

12145	10,00	1,95

12148	10,00	1,93

12151	10,00	1,92

12154	10,00	1,90

12157	10,00	1,89

12161	10,00	1,89

12164	10,00	1,88

12167	10,00	1,88

12170	10,00	1,87

12173	10,00	1,87

12176	10,00	1,87

12179	10,00	1,86

12182	10,00	1,86

12185	10,00	1,86

12188	10,00	1,86

12191	10,00	2,05

12194	10,00	2,29

12197	10,00	2,20

12200	10,00	2,13

12204	10,00	2,08

12207	10,00	2,03

12210	10,00	2,00

12213	10,00	1,97

12216	10,00	1,95

12219	10,00	1,93

12222	10,00	1,91

12225	10,00	1,90

12228	10,00	1,89

12231	10,00	1,89

12234	10,00	1,88

12237	10,00	1,88

12240	10,00	1,87

12243	10,00	1,87

12247	10,00	1,87

12250	10,00	1,86

12253	10,00	1,86

12256	10,00	1,86

12259	10,00	1,86

12262	10,00	1,86

12265	10,00	1,86

12268	10,00	1,86

12271	10,00	1,86

12274	10,00	1,86

12277	10,00	1,86

12280	10,00	1,86

12283	10,00	1,86

12286	10,00	1,86

12290	10,00	1,86

12293	10,00	1,86

12296	10,00	1,86

12299	10,00	1,86

12302	10,00	1,86

12305	10,00	1,86

12308	10,00	1,86

12311	10,00	1,86

12314	10,00	1,86

12317	10,00	1,86

12320	10,00	1,86

12323	10,00	1,86

12326	10,00	1,86

12329	10,00	1,86

12333	10,00	1,86

12336	10,00	1,86

12339	10,00	1,86

12342	10,00	1,86

12345	10,00	1,86

12348	10,00	1,86

12351	10,00	1,86

12354	10,00	1,86

12357	10,00	1,86

12360	10,00	1,86

12363	10,00	1,86

12366	10,00	1,86

12369	10,00	1,86

12372	10,00	1,86

12376	10,00	1,86

12379	10,00	1,86

12382	10,00	1,86

12385	10,00	1,86

12388	10,00	1,86

12391	10,00	1,86

12394	10,00	1,95

12397	10,00	2,12

12400	10,00	2,25

12403	10,00	2,45

12406	10,00	2,42

12409	10,00	2,31

12412	10,00	2,41

12416	10,00	2,30

12419	10,00	2,21

12422	10,00	2,14

12425	10,00	2,08

12428	10,00	2,04

12431	10,00	2,19

12434	10,00	2,12

12437	10,00	2,07

12440	10,00	2,03

12443	10,00	1,99

12446	10,00	1,96

12449	10,00	1,94

12452	10,00	1,93

12455	10,00	1,91

12459	10,00	1,90

12462	10,00	1,89

12465	10,00	1,89

12468	10,00	1,88

12471	10,00	1,87

12474	10,00	1,96

12477	10,00	2,13

12480	10,00	2,26

12482	10,00	2,18

12485	10,00	2,11

12488	10,00	2,06

12491	10,00	2,02

12494	10,00	1,99

12497	10,00	1,96

12500	10,00	1,94

12504	10,00	1,92

12507	10,00	1,91

12510	10,00	1,90

12513	10,00	1,89

12516	10,00	1,88

12519	10,00	1,88

12522	10,00	1,87

12525	10,00	1,87

12528	10,00	1,87

12531	10,00	1,87

12534	10,00	1,86

12537	10,00	1,86

12540	10,00	1,86

12544	10,00	1,86

12547	10,00	1,86

12550	10,00	1,86

12553	10,00	1,86

12556	10,00	1,86

12559	10,00	1,86

12562	10,00	1,86

12565	10,00	1,86

12568	10,00	1,86

12571	10,00	1,86

12574	10,00	1,86

12577	10,00	1,86

12580	10,00	1,86

12583	10,00	1,86

12587	10,00	1,86

12590	10,00	1,86

12593	10,00	1,86

12596	10,00	1,86

12599	10,00	1,86

12602	10,00	1,86

12605	10,00	1,86

12608	10,00	1,86

12611	10,00	1,86

12614	10,00	1,86

12617	10,00	1,86

12620	10,00	1,86

12623	10,00	1,86

12626	10,00	1,86

12630	10,00	1,86

12633	10,00	1,86

12636	10,00	1,86

12639	10,00	1,86

12642	10,00	1,86

12645	10,00	1,86

12648	10,00	1,86

12651	10,00	1,86

12654	10,00	1,86

12657	10,00	1,86

12660	10,00	2,04

12663	10,00	2,01

12666	10,00	1,98

12669	10,00	1,95

12673	10,00	2,12

12676	10,00	2,25

12679	10,00	2,36

12682	10,00	2,26

12685	10,00	2,27

12688	10,00	2,28

12691	10,00	2,20

12694	10,00	2,22

12697	10,00	2,33

12700	10,00	2,42

12703	10,00	2,31

12706	10,00	2,22

12709	10,00	2,43

12712	10,00	2,40

12716	10,00	2,57

12719	10,00	2,62

12722	10,00	2,65

12725	10,00	2,49

12728	10,00	2,46

12731	10,00	2,52

12734	10,00	2,58

12737	10,00	2,62

12740	10,00	2,65

12743	10,00	2,77

12746	10,00	2,77

12749	10,00	2,78

12752	10,00	2,78

12755	10,00	2,78

12759	10,00	2,59

12762	10,00	2,45

12765	10,00	2,33

12768	10,00	2,23

12771	10,00	2,16

12774	10,00	2,28

12777	10,00	2,29

12780	10,00	2,39

12783	10,00	2,38

12786	10,00	2,37

12789	10,00	2,36

12792	10,00	2,44

12795	10,00	2,51

12798	10,00	2,57

12802	10,00	2,61

12805	10,00	2,46

12808	10,00	2,43

12811	10,00	2,50

12814	10,00	2,56

12817	10,00	2,60

12820	10,00	2,64

12823	10,00	2,76

12826	10,00	2,77

12829	10,00	2,77

12832	10,00	2,77

12835	10,00	2,68

12838	10,00	2,80

12841	10,00	2,79

12845	10,00	2,79

12848	10,00	2,61

12851	10,00	2,46

12854	10,00	2,34

12857	10,00	2,33

12860	10,00	2,42

12863	10,00	2,40

12866	10,00	2,48

12869	10,00	2,54

12872	10,00	2,31

12875	10,00	2,41

12878	10,00	2,57

12881	10,00	2,62

12884	10,00	2,46

12888	10,00	2,44

12891	10,00	2,51

12894	10,00	2,56

12897	10,00	2,61

12900	10,00	2,64

12903	10,00	2,76

12906	10,00	2,58

12909	10,00	2,44

12912	10,00	2,51

12915	10,00	2,56

12918	10,00	2,42

12921	10,00	2,31

12924	10,00	2,22

12928	10,00	2,15

12931	10,00	2,09

12934	10,00	2,04

12937	10,00	2,19

12940	10,00	2,31

12943	10,00	2,22

12946	10,00	2,15

12949	10,00	2,09

12952	10,00	2,04

12955	10,00	2,01

12958	10,00	2,16

12961	10,00	2,29

12964	10,00	2,20

12967	10,00	2,22

12971	10,00	2,43

12974	10,00	2,41

12977	10,00	2,58

12980	10,00	2,52

12983	10,00	2,67

12986	10,00	2,51

12989	10,00	2,38

12992	10,00	2,46

12995	10,00	2,52

12998	10,00	2,39

13001	10,00	2,28

13004	10,00	2,20

13007	10,00	2,13

13010	10,00	2,08

13014	10,00	2,03

13017	10,00	2,18

13020	10,00	2,30

13023	10,00	2,21

13026	10,00	2,14

13029	10,00	2,09

13032	10,00	2,23

13035	10,00	2,24

13038	10,00	2,45

13041	10,00	2,51

13044	10,00	2,38

13047	10,00	2,46

13050	10,00	2,53

13053	10,00	2,49

13057	10,00	2,64

13060	10,00	2,57

13063	10,00	2,71

13066	10,00	2,54

13069	10,00	2,40

13072	10,00	2,48

13075	10,00	2,45

13078	10,00	2,61

13081	10,00	2,64

13084	10,00	2,67

13087	10,00	2,51

13090	10,00	2,38

13093	10,00	2,27

13096	10,00	2,38

13100	10,00	2,46

13103	10,00	2,34

13106	10,00	2,24

13109	10,00	2,16

13112	10,00	2,10

13114	10,00	2,24

13117	10,00	2,35

13120	10,00	2,44

13123	10,00	2,32

13126	10,00	2,32

13129	10,00	2,51

13132	10,00	2,47

13135	10,00	2,44

13138	10,00	2,42

13142	10,00	2,40

13145	10,00	2,29

13148	10,00	2,20

13151	10,00	2,32

13154	10,00	2,41

13157	10,00	2,30

13160	10,00	2,21

13163	10,00	2,14

13166	10,00	2,08

13169	10,00	2,04

13172	10,00	2,00

13175	10,00	2,07

13178	10,00	2,21

13181	10,00	2,23

13185	10,00	2,34

13188	10,00	2,25

13191	10,00	2,35

13194	10,00	2,44

13197	10,00	2,51

13200	10,00	2,56

13203	10,00	2,42

13206	10,00	2,50

13209	10,00	2,55

13212	10,00	2,51

13215	10,00	2,47

13218	10,00	2,53

13221	10,00	2,40

13224	10,00	2,29

13228	10,00	2,20

13231	10,00	2,13

13234	10,00	2,08

13237	10,00	2,03

13240	10,00	2,00

13243	10,00	1,97

13246	10,00	1,95

13249	10,00	1,93

13252	10,00	1,91

13255	10,00	2,09

13258	10,00	2,23

13261	10,00	2,15

13264	10,00	2,09

13267	10,00	2,05

13271	10,00	2,01

13274	10,00	1,98

13277	10,00	1,95

13280	10,00	1,93

13283	10,00	1,92

13286	10,00	2,09

13289	10,00	2,23

13292	10,00	2,34

13295	10,00	2,24

13298	10,00	2,35

13301	10,00	2,25

13304	10,00	2,17

13307	10,00	2,11

13310	10,00	2,06

13314	10,00	2,02

13317	10,00	1,99

13320	10,00	1,96

13323	10,00	1,94

13326	10,00	1,92

13329	10,00	2,10

13332	10,00	2,14

13335	10,00	2,27

13338	10,00	2,37

13341	10,00	2,36

13344	10,00	2,45

13347	10,00	2,33

13350	10,00	2,42

13353	10,00	2,40

13357	10,00	2,57

13360	10,00	2,61

13363	10,00	2,46

13366	10,00	2,43

13369	10,00	2,60

13372	10,00	2,54

13375	10,00	2,50

13378	10,00	2,46

13381	10,00	2,43

13384	10,00	2,32

13387	10,00	2,23

13390	10,00	2,15

13393	10,00	2,09

13396	10,00	2,05

13400	10,00	2,01

13403	10,00	1,98

13406	10,00	1,95

13408	10,00	1,93

13411	10,00	1,92

13414	10,00	1,91

13417	10,00	1,90

13420	10,00	1,89

13423	10,00	1,88

13426	10,00	1,88

13429	10,00	1,87

13432	10,00	1,87

13435	10,00	1,87

13438	10,00	1,87

13442	10,00	1,86

13445	10,00	1,86

13448	10,00	1,86

13451	10,00	1,86

13454	10,00	1,86

13457	10,00	1,86

13460	10,00	1,86

13463	10,00	1,86

13466	10,00	1,86

13469	10,00	1,86

13472	10,00	1,86

13475	10,00	1,86

13478	10,00	1,86

13481	10,00	1,86

13485	10,00	1,86

13488	10,00	1,86

13491	10,00	1,86

13494	10,00	1,86

13497	10,00	1,86

13500	10,00	1,86

13503	10,00	1,86

13506	10,00	1,86

13509	10,00	1,86

13512	10,00	1,86

13515	10,00	1,86

13518	10,00	2,04

13521	10,00	2,28

13524	10,00	2,29

13528	10,00	2,48

13531	10,00	2,54

13534	10,00	2,41

13537	10,00	2,48

13540	10,00	2,36

13543	10,00	2,26

13546	10,00	2,18

13549	10,00	2,11

13552	10,00	2,06

13555	10,00	2,02

13558	10,00	1,99

13561	10,00	1,96

13564	10,00	1,94

13568	10,00	1,92

13571	10,00	1,91

13574	10,00	1,90

13577	10,00	1,89

13580	10,00	1,88

13583	10,00	1,88

13586	10,00	1,87

13589	10,00	1,87

13592	10,00	1,87

13595	10,00	1,87

13598	10,00	1,86

13601	10,00	1,86

13604	10,00	1,86

13607	10,00	1,86

13611	10,00	1,86

13614	10,00	1,86

13617	10,00	1,95

13620	10,00	2,12

13623	10,00	2,07

13626	10,00	2,21

13629	10,00	2,32

13632	10,00	2,23

13635	10,00	2,16

13638	10,00	2,10

13641	10,00	2,05

13644	10,00	2,01

13647	10,00	1,98

13650	10,00	1,95

13654	10,00	1,94

13657	10,00	1,92

13660	10,00	1,91

13663	10,00	1,90

13666	10,00	1,89

13669	10,00	1,88

13672	10,00	1,88

13675	10,00	1,87

13678	10,00	1,87

13681	10,00	1,87

13684	10,00	1,87

13687	10,00	1,86

13690	10,00	1,86

13693	10,00	1,86

13697	10,00	1,86

13700	10,00	1,86

13703	10,00	1,86

13706	10,00	1,86

13709	10,00	1,86

13712	10,00	1,86

13715	10,00	1,86

13718	10,00	1,86

13721	10,00	1,86

13724	10,00	2,04

13727	10,00	2,19

13730	10,00	2,40

13733	10,00	2,48

13736	10,00	2,54

13740	10,00	2,40

13743	10,00	2,29

13746	10,00	2,21

13748	10,00	2,14

13751	10,00	2,08

13754	10,00	2,04

13757	10,00	2,00

13760	10,00	1,97

13763	10,00	1,95

13766	10,00	1,93

13769	10,00	1,92

13772	10,00	1,90

13775	10,00	2,17

13778	10,00	2,11

13782	10,00	2,06

13785	10,00	2,02

13788	10,00	1,99

13791	10,00	1,96

13794	10,00	1,94

13797	10,00	1,92

13800	10,00	1,91

13803	10,00	1,90

13806	10,00	1,89

13809	10,00	1,88

13812	10,00	1,88

13815	10,00	1,87

13818	10,00	1,87

13821	10,00	1,87

13825	10,00	1,87

13828	10,00	1,86

13831	10,00	1,86

13834	10,00	1,86

13837	10,00	1,86

13840	10,00	2,05

13843	10,00	2,10

13846	10,00	2,05

13849	10,00	2,01

13852	10,00	1,98

13855	10,00	1,96

13858	10,00	1,94

13861	10,00	1,92

13864	10,00	1,91

13868	10,00	1,90

13871	10,00	1,89

13874	10,00	1,88

13877	10,00	1,88

13880	10,00	1,87

13883	10,00	1,87

13886	10,00	1,87

13889	10,00	1,87

13892	10,00	1,86

13895	10,00	1,96

13898	10,00	2,12

13901	10,00	2,07

13904	10,00	2,03

13907	10,00	1,99

13911	10,00	1,97

13914	10,00	1,94

13917	10,00	1,93

13920	10,00	1,91

13923	10,00	1,90

13926	10,00	1,89

13929	10,00	1,89

13932	10,00	1,88

13935	10,00	1,87

13938	10,00	1,87

13941	10,00	1,87

13944	10,00	1,87

13947	10,00	1,86

13950	10,00	1,86

13954	10,00	1,86

13957	10,00	1,86

13960	10,00	1,86

13963	10,00	1,86

13966	10,00	1,86

13969	10,00	1,86

13972	10,00	1,86

13975	10,00	1,86

13978	10,00	2,14

13981	10,00	2,08

13984	10,00	2,04

13987	10,00	2,00

13990	10,00	1,97

13993	10,00	1,95

13997	10,00	1,93

14000	0,00	1,92

14003	0,00	2,00

14006	0,00	2,06

14009	0,00	1,93

14012	0,00	1,82

14014	0,00	1,73

14017	0,00	1,57

14020	0,00	1,54

14023	0,00	1,32

14026	0,00	1,15

14029	0,00	1,01

14031	0,00	0,90

14034	0,00	0,72

14038	0,00	0,67

14041	0,00	0,54

14044	0,00	0,43

14046	0,00	0,34

14049	0,00	0,27

14052	0,00	0,22

14055	0,00	0,18

14058	0,00	0,14

14061	0,00	0,11

14063	0,00	0,09

14066	0,00	0,07

14069	0,00	0,06

14072	0,00	0,05

14075	0,00	0,04

14077	0,00	0,03

14081	0,00	0,02

14084	0,00	0,02

14087	0,00	0,02

14090	0,00	0,01

14092	0,00	0,01

14095	0,00	0,01

14098	0,00	0,01

14101	0,00	0,00

14104	0,00	0,00

14106	0,00	0,00

14109	0,00	0,00

14112	0,00	0,00

14115	0,00	0,00

14118	0,00	0,00

14120	0,00	0,00

14124	0,00	0,00

14127	0,00	0,00

14130	0,00	0,00

14133	0,00	0,00

14135	0,00	0,00

14138	0,00	0,00

14141	0,00	0,00

14144	0,00	0,00

14147	0,00	0,00

14149	0,00	0,00

14152	0,00	0,00

14155	0,00	0,00

14158	0,00	0,00

14161	0,00	0,00

14164	0,00	0,00

14167	0,00	0,00

14170	0,00	0,00

14173	0,00	0,00

14176	0,00	0,00

14179	0,00	0,00

14181	0,00	0,00

14184	0,00	0,00

14187	0,00	0,00

14190	0,00	0,00

14193	0,00	0,00

14195	0,00	0,00

14198	0,00	0,00

14201	0,00	0,00

14204	0,00	0,00

14208	0,00	0,00

14210	0,00	0,00

14213	0,00	0,00

14216	0,00	0,00

14219	0,00	0,00

14222	0,00	0,00

14224	0,00	0,00

14227	0,00	0,00

14230	0,00	0,00

14233	0,00	0,00

14236	0,00	0,00

14238	0,00	0,00

14241	0,00	0,00

14244	0,00	0,00

14247	0,00	0,00

14251	0,00	0,00

14253	0,00	0,00

14256	0,00	0,00

14259	0,00	0,00

14262	0,00	0,00

14265	0,00	0,00

14267	0,00	0,00

14270	0,00	0,00

14273	0,00	0,00

14276	0,00	0,00

14279	0,00	0,00

14282	0,00	0,00

14284	0,00	0,00

14287	0,00	0,00

14290	0,00	0,00

14294	0,00	0,00

14297	0,00	0,00

14299	0,00	0,00

14302	0,00	0,00

14305	0,00	0,00

14308	0,00	0,00

14311	0,00	0,00

14313	0,00	0,00

14316	0,00	0,00

14319	0,00	0,00

14322	0,00	0,00

14325	0,00	0,00

14327	0,00	0,00

14330	0,00	0,00

14333	0,00	0,00

14337	0,00	0,00

14340	0,00	0,00

14342	0,00	0,00

14345	0,00	0,00

14348	0,00	0,00

14351	0,00	0,00

14354	0,00	0,00

14356	0,00	0,00

14359	0,00	0,00

14362	0,00	0,00

14365	0,00	0,00

14368	0,00	0,00

14370	0,00	0,00

14373	0,00	0,00

14376	0,00	0,00

14380	0,00	0,00

14383	0,00	0,00

14386	0,00	0,00

14388	0,00	0,00

14391	0,00	0,00

14394	0,00	0,00

14397	0,00	0,00

14400	0,00	0,00

14402	0,00	0,00

14405	0,00	0,00

14408	0,00	0,00

14411	0,00	0,00

14414	0,00	0,00

14416	0,00	0,00

14419	0,00	0,00

14423	0,00	0,00

14426	0,00	0,00

14429	0,00	0,00

14431	0,00	0,00

14434	0,00	0,00

14437	0,00	0,00

14440	0,00	0,00

14443	0,00	0,00

14445	0,00	0,00

14448	0,00	0,00

14451	0,00	0,00

14454	0,00	0,00

14457	0,00	0,00

14459	0,00	0,00

14462	0,00	0,00

14466	0,00	0,00

14469	0,00	0,00

14472	0,00	0,00

14474	0,00	0,00

14477	0,00	0,00

14480	0,00	0,00

14483	0,00	0,00

14486	0,00	0,00

14489	0,00	0,00

14491	0,00	0,00

14494	0,00	0,00

14497	0,00	0,00

14500	0,00	0,00

14503	0,00	0,00

14505	0,00	0,00

14509	0,00	0,00

14512	0,00	0,00

14515	0,00	0,00

14518	0,00	0,00

14520	0,00	0,00

14523	0,00	0,00

14526	0,00	0,00

14529	0,00	0,00

14532	0,00	0,00

14534	0,00	0,00

14537	0,00	0,00

14540	0,00	0,00

14543	0,00	0,00

14546	0,00	0,00

14548	0,00	0,00

14552	0,00	0,00

14555	0,00	0,00

14558	0,00	0,00

14561	0,00	0,00

14563	0,00	0,00

14566	0,00	0,00

14569	0,00	0,00

14572	0,00	0,00

14575	0,00	0,00

14577	0,00	0,00

14580	0,00	0,00

14583	0,00	0,00

14586	0,00	0,00

14589	0,00	0,00

14592	0,00	0,00

14595	0,00	0,00

14598	0,00	0,00

14601	0,00	0,00

14604	0,00	0,00

14606	0,00	0,00

14609	0,00	0,00

14612	0,00	0,00

14615	0,00	0,00

14618	0,00	0,00

14621	0,00	0,00

14623	0,00	0,00

14626	0,00	0,00

14629	0,00	0,00

14632	0,00	0,00

14636	0,00	0,00

14638	0,00	0,00

14641	0,00	0,00

14644	0,00	0,00

14647	0,00	0,00

14650	0,00	0,00

14652	0,00	0,00

14655	0,00	0,00

14658	0,00	0,00

14661	0,00	0,00

14664	0,00	0,00

14666	0,00	0,00

14669	0,00	0,00

14672	0,00	0,00

14675	0,00	0,00

14679	0,00	0,00

14681	0,00	0,00

14684	0,00	0,00

14687	0,00	0,00

14690	0,00	0,00

14693	0,00	0,00

14695	0,00	0,00

14698	0,00	0,00

14701	0,00	0,00

14704	0,00	0,00

14707	0,00	0,00

14709	0,00	0,00

14712	0,00	0,00

14715	0,00	0,00

14718	0,00	0,00

14722	0,00	0,00

14725	0,00	0,00

14727	0,00	0,00

14730	0,00	0,00

14733	0,00	0,00

14736	0,00	0,00

14739	0,00	0,00

14741	0,00	0,00

14744	0,00	0,00

14747	0,00	0,00

14750	0,00	0,00

14753	0,00	0,00

14755	0,00	0,00

14758	0,00	0,00

14761	0,00	0,00

14765	0,00	0,00

14768	0,00	0,00

14770	0,00	0,00

14773	0,00	0,00

14776	0,00	0,00

14779	0,00	0,00

14782	0,00	0,00

14784	0,00	0,00

14787	0,00	0,00

14790	0,00	0,00

14793	0,00	0,00

14796	0,00	0,00

14798	0,00	0,00

14801	0,00	0,00

14804	0,00	0,00

14808	0,00	0,00

14811	0,00	0,00

14813	0,00	0,00

14816	0,00	0,00

14819	0,00	0,00

14822	0,00	0,00

14825	0,00	0,00

14827	0,00	0,00

14830	0,00	0,00

14833	0,00	0,00

14836	0,00	0,00

14839	0,00	0,00

14841	0,00	0,00

14844	0,00	0,00

14848	0,00	0,00

14851	0,00	0,00

14854	0,00	0,00

14857	0,00	0,00

14859	0,00	0,00

14862	0,00	0,00

14865	0,00	0,00

14868	0,00	0,00

14871	0,00	0,00

14873	0,00	0,00

14876	0,00	0,00

14879	0,00	0,00

14882	0,00	0,00

14885	0,00	0,00

14887	0,00	0,00

14891	0,00	0,00

14894	0,00	0,00

14897	0,00	0,00

14900	0,00	0,00

14902	0,00	0,00

14905	0,00	0,00

14908	0,00	0,00

14911	0,00	0,00

14914	0,00	0,00

14916	0,00	0,00

14919	0,00	0,00

14922	0,00	0,00

14925	0,00	0,00

14928	0,00	0,00

14930	0,00	0,00

14934	0,00	0,00

14937	0,00	0,00

14940	0,00	0,00

14943	0,00	0,00

14945	0,00	0,00

14948	0,00	0,00

14951	0,00	0,00

14954	0,00	0,00

14957	0,00	0,00

14960	0,00	0,00

14962	0,00	0,00

14965	0,00	0,00

14968	0,00	0,00

14971	0,00	0,00

14974	0,00	0,00

14977	0,00	0,00

14980	0,00	0,00

14983	0,00	0,00

14986	0,00	0,00

14989	0,00	0,00

14991	0,00	0,00

14994	0,00	0,00

14997	0,00	0,00

15000	0,00	0,00

15003	0,00	0,00

15005	0,00	0,00

15008	0,00	0,00

15011	0,00	0,00

15014	0,00	0,00

15017	0,00	0,00

15020	0,00	0,00

15023	0,00	0,00

15026	0,00	0,00

15029	0,00	0,00

15032	0,00	0,00

15034	0,00	0,00

15037	0,00	0,00

15040	0,00	0,00

15043	0,00	0,00

15046	0,00	0,00

15049	0,00	0,00

15051	0,00	0,00

15054	0,00	0,00

15057	0,00	0,00

15060	0,00	0,00

15064	0,00	0,00

15066	0,00	0,00

15069	0,00	0,00

15072	0,00	0,00

15075	0,00	0,00

15078	0,00	0,00

15080	0,00	0,00

15083	0,00	0,00

15086	0,00	0,00

15089	0,00	0,00

15092	0,00	0,00

15094	0,00	0,00

15097	0,00	0,00

15100	0,00	0,00

15104	0,00	0,00

15107	0,00	0,00

15109	0,00	0,00

15112	0,00	0,00

15115	0,00	0,00

15118	0,00	0,00

15121	0,00	0,00

15123	0,00	0,00

15126	0,00	0,00

15129	0,00	0,00

15132	0,00	0,00

15135	0,00	0,00

15137	0,00	0,00

15140	0,00	0,00

15143	0,00	0,00

15147	0,00	0,00

15150	0,00	0,00

15153	0,00	0,00

15155	0,00	0,00

15158	0,00	0,00

15161	0,00	0,00

15164	0,00	0,00

15167	0,00	0,00

15169	0,00	0,00

15172	0,00	0,00

15175	0,00	0,00

15178	0,00	0,00

15181	0,00	0,00

15183	0,00	0,00

15186	0,00	0,00

15190	0,00	0,00

15193	0,00	0,00

15196	0,00	0,00

15198	0,00	0,00

15201	0,00	0,00

15204	0,00	0,00

15207	0,00	0,00

15210	0,00	0,00

15212	0,00	0,00

15215	0,00	0,00

15218	0,00	0,00

15221	0,00	0,00

15224	0,00	0,00

15227	0,00	0,00

15229	0,00	0,00

15233	0,00	0,00

15236	0,00	0,00

15239	0,00	0,00

15242	0,00	0,00

15244	0,00	0,00

15247	0,00	0,00

15250	0,00	0,00

15253	0,00	0,00

15256	0,00	0,00

15258	0,00	0,00

15261	0,00	0,00

15264	0,00	0,00

15267	0,00	0,00

15270	0,00	0,00

15272	0,00	0,00

15276	0,00	0,00

15279	0,00	0,00

15282	0,00	0,00

15285	0,00	0,00

15287	0,00	0,00

15290	0,00	0,00

15293	0,00	0,00

15296	0,00	0,00

15299	0,00	0,00

15301	0,00	0,00

15304	0,00	0,00

15307	0,00	0,00

15310	0,00	0,00

15313	0,00	0,00

15315	0,00	0,00

15319	0,00	0,00

15322	0,00	0,00

15325	0,00	0,00

15328	0,00	0,00

15330	0,00	0,00

15333	0,00	0,00

15336	0,00	0,00

15339	0,00	0,00

15342	0,00	0,00

15345	0,00	0,00

15347	0,00	0,00

15350	0,00	0,00

15353	0,00	0,00

15356	0,00	0,00

15360	0,00	0,00

15362	0,00	0,00

15365	0,00	0,00

15368	0,00	0,00

15371	0,00	0,00

15374	0,00	0,00

15376	0,00	0,00

15379	0,00	0,00

15382	0,00	0,00

15385	0,00	0,00

15388	0,00	0,00

15390	0,00	0,00

15393	0,00	0,00

15396	0,00	0,00

15399	0,00	0,00

15403	0,00	0,00

15405	0,00	0,00

15408	0,00	0,00

15411	0,00	0,00

15414	0,00	0,00

15417	0,00	0,00

15419	0,00	0,00

15422	0,00	0,00

15425	0,00	0,00

15428	0,00	0,00

15431	0,00	0,00

15433	0,00	0,00

15436	0,00	0,00

15439	0,00	0,00

15442	0,00	0,00

15446	0,00	0,00

15449	0,00	0,00

15451	0,00	0,00

15454	0,00	0,00

15457	0,00	0,00

15460	0,00	0,00

15463	0,00	0,00

15465	0,00	0,00

15468	0,00	0,00

15471	0,00	0,00

15474	0,00	0,00

15477	0,00	0,00

15479	0,00	0,00

15482	0,00	0,00

15485	0,00	0,00

15489	0,00	0,00

15492	0,00	0,00

15494	0,00	0,00

15497	0,00	0,00

15500	0,00	0,00

15503	0,00	0,00

15506	0,00	0,00

15508	0,00	0,00

15511	0,00	0,00

15514	0,00	0,00

15517	0,00	0,00

15520	0,00	0,00

15522	0,00	0,00

15525	0,00	0,00

15528	0,00	0,00

15532	0,00	0,00

15535	0,00	0,00

15537	0,00	0,00

15540	0,00	0,00

15543	0,00	0,00

15546	0,00	0,00

15549	0,00	0,00

15552	0,00	0,00

15554	0,00	0,00

15557	0,00	0,00

15560	0,00	0,00

15563	0,00	0,00

15566	0,00	0,00

15568	0,00	0,00

15571	0,00	0,00

15575	0,00	0,00

15578	0,00	0,00

15581	0,00	0,00

15583	0,00	0,00

15586	0,00	0,00

15589	0,00	0,00

15592	0,00	0,00

15595	0,00	0,00

15597	0,00	0,00

15600	0,00	0,00

15603	0,00	0,00

15606	0,00	0,00

15609	0,00	0,00

15611	0,00	0,00

15614	0,00	0,00

15618	0,00	0,00

15621	0,00	0,00

15624	0,00	0,00

15626	0,00	0,00

15629	0,00	0,00

15632	0,00	0,00

15635	0,00	0,00

15638	0,00	0,00

15640	0,00	0,00

15643	0,00	0,00

15646	0,00	0,00

15649	0,00	0,00

15652	0,00	0,00

15654	0,00	0,00

15657	0,00	0,00

15661	0,00	0,00

15664	0,00	0,00

15667	0,00	0,00

15669	0,00	0,00

15672	0,00	0,00

15675	0,00	0,00

15678	0,00	0,00

15681	0,00	0,00

15683	0,00	0,00

15686	0,00	0,00

15689	0,00	0,00

15692	0,00	0,00

15695	0,00	0,00

15697	0,00	0,00

15700	0,00	0,00

15704	0,00	0,00

15707	0,00	0,00

15710	0,00	0,00

15713	0,00	0,00

15715	0,00	0,00

15718	0,00	0,00

15721	0,00	0,00

15724	0,00	0,00

15727	0,00	0,00

15729	0,00	0,00

15732	0,00	0,00

15735	0,00	0,00

15738	0,00	0,00

15741	0,00	0,00

15744	0,00	0,00

15747	0,00	0,00

15750	0,00	0,00

15753	0,00	0,00

15756	0,00	0,00

15758	0,00	0,00

15761	0,00	0,00

15764	0,00	0,00

15767	0,00	0,00

15770	0,00	0,00

15772	0,00	0,00

15775	0,00	0,00

15778	0,00	0,00

15781	0,00	0,00

15784	0,00	0,00

15787	0,00	0,00

15790	0,00	0,00

15793	0,00	0,00

15796	0,00	0,00

15799	0,00	0,00

15802	0,00	0,00

15804	0,00	0,00

15807	0,00	0,00

15810	0,00	0,00

15813	0,00	0,00

15816	0,00	0,00

15818	0,00	0,00

15821	0,00	0,00

15824	0,00	0,00

15827	0,00	0,00

15831	0,00	0,00

15833	0,00	0,00

15836	0,00	0,00

15839	0,00	0,00

15842	0,00	0,00

15845	0,00	0,00

15847	0,00	0,00

15850	0,00	0,00

15853	0,00	0,00

15856	0,00	0,00

15859	0,00	0,00

15861	0,00	0,00

15864	0,00	0,00

15867	0,00	0,00

15870	0,00	0,00

15874	0,00	0,00

15876	0,00	0,00

15879	0,00	0,00

15882	0,00	0,00

15885	0,00	0,00

15888	0,00	0,00

15890	0,00	0,00

15893	0,00	0,00

15896	0,00	0,00

15899	0,00	0,00

15902	0,00	0,00

15905	0,00	0,00

15907	0,00	0,00

15910	0,00	0,00

15913	0,00	0,00

15917	0,00	0,00

15920	0,00	0,00

15922	0,00	0,00

15925	0,00	0,00

15928	0,00	0,00

15931	0,00	0,00

15934	0,00	0,00

15936	0,00	0,00

15939	0,00	0,00

15942	0,00	0,00

15945	0,00	0,00

15948	0,00	0,00

15950	0,00	0,00

15953	0,00	0,00

15956	0,00	0,00

15960	0,00	0,00

15963	0,00	0,00

15965	0,00	0,00

15968	0,00	0,00

15971	0,00	0,00

15974	0,00	0,00

15977	0,00	0,00

15979	0,00	0,00

15982	0,00	0,00

15985	0,00	0,00

15988	0,00	0,00

15991	0,00	0,00

15994	0,00	0,00

15996	0,00	0,00

16000	10,00	0,00

16003	10,00	0,09

16006	10,00	0,07

16009	10,00	0,25

16012	10,00	0,38

16015	10,00	0,49

16018	10,00	0,67

16021	10,00	0,91

16023	10,00	0,91

16026	10,00	0,92

16029	10,00	1,10

16032	10,00	1,35

16035	10,00	1,36

16038	10,00	1,55

16041	10,00	1,61

16045	10,00	1,57

16048	10,00	1,62

16051	10,00	1,76

16054	10,00	1,78

16057	10,00	1,80

16060	10,00	1,81

16063	10,00	1,82

16066	10,00	1,92

16069	10,00	1,91

16072	10,00	1,90

16075	10,00	2,17

16078	10,00	2,29

16081	10,00	2,20

16084	10,00	2,13

16088	10,00	2,08

16091	10,00	2,03

16094	10,00	2,00

16097	10,00	1,97

16100	10,00	1,95

16103	10,00	1,93

16106	10,00	2,10

16109	10,00	2,24

16112	10,00	2,25

16115	10,00	2,17

16118	10,00	2,11

16121	10,00	2,06

16124	10,00	2,02

16128	10,00	1,99

16131	10,00	1,96

16134	10,00	1,94

16137	10,00	1,92

16140	10,00	1,91

16143	10,00	2,18

16146	10,00	2,11

16149	10,00	2,06

16152	10,00	2,02

16155	10,00	1,99

16158	10,00	1,96

16161	10,00	1,94

16164	10,00	1,92

16167	10,00	2,10

16171	10,00	2,14

16174	10,00	2,08

16177	10,00	2,04

16180	10,00	2,00

16183	10,00	1,97

16186	10,00	1,95

16189	10,00	1,93

16192	10,00	1,92

16195	10,00	1,90

16198	10,00	1,89

16201	10,00	1,89

16204	10,00	1,88

16207	10,00	1,88

16210	10,00	1,87

16214	10,00	2,05

16217	10,00	2,20

16220	10,00	2,22

16223	10,00	2,15

16226	10,00	2,09

16229	10,00	2,05

16232	10,00	2,01

16235	10,00	1,98

16238	10,00	1,95

16241	10,00	1,93

16244	10,00	1,92

16247	10,00	1,91

16250	10,00	1,90

16253	10,00	2,17

16257	10,00	2,29

16260	10,00	2,20

16263	10,00	2,13

16266	10,00	2,26

16269	10,00	2,18

16272	10,00	2,12

16275	10,00	2,07

16278	10,00	2,02

16281	10,00	1,99

16284	10,00	1,96

16287	10,00	1,94

16290	10,00	1,93

16293	10,00	1,91

16296	10,00	1,90

16300	10,00	1,89

16303	10,00	1,88

16306	10,00	1,88

16309	10,00	1,87

16311	10,00	1,87

16315	10,00	1,87

16317	10,00	1,87

16320	10,00	1,86

16323	10,00	1,86

16326	10,00	1,86

16329	10,00	1,86

16332	10,00	1,86

16335	10,00	1,86

16338	10,00	1,86

16342	10,00	1,86

16345	10,00	1,86

16348	10,00	1,86

16351	10,00	1,86

16354	10,00	1,86

16357	10,00	1,86

16360	10,00	1,86

16363	10,00	1,86

16366	10,00	1,86

16369	10,00	1,86

16372	10,00	1,86

16375	10,00	1,86

16378	10,00	1,86

16381	10,00	1,86

16385	10,00	1,86

16388	10,00	1,86

16391	10,00	1,86

16394	10,00	1,86

16397	10,00	1,86

16400	10,00	1,86

16403	10,00	1,86

16406	10,00	1,86

16409	10,00	1,86

16412	10,00	1,86

16415	10,00	1,86

16418	10,00	1,86

16421	10,00	1,86

16424	10,00	1,86

16428	10,00	1,86

16431	10,00	1,86

16434	10,00	1,86

16437	10,00	1,86

16440	10,00	1,86

16443	10,00	1,86

16446	10,00	1,86

16449	10,00	1,86

16452	10,00	1,86

16455	10,00	1,86

16458	10,00	1,86

16461	10,00	1,86

16464	10,00	1,86

16467	10,00	1,86

16471	10,00	1,86

16474	10,00	1,86

16477	10,00	1,86

16480	10,00	1,86

16483	10,00	1,86

16486	10,00	1,86

16489	10,00	1,86

16492	10,00	1,86

16495	10,00	1,86

16498	10,00	1,86

16501	10,00	1,86

16504	10,00	1,86

16507	10,00	1,86

16510	10,00	1,86

16514	10,00	1,86

16517	10,00	1,86

16520	10,00	1,86

16523	10,00	1,86

16526	10,00	1,86

16529	10,00	1,86

16532	10,00	1,86

16535	10,00	1,86

16538	10,00	1,86

16541	10,00	1,86

16544	10,00	1,86

16547	10,00	1,86

16550	10,00	1,86

16553	10,00	1,86

16557	10,00	1,86

16560	10,00	1,86

16563	10,00	1,86

16566	10,00	1,86

16569	10,00	1,86

16572	10,00	1,86

16575	10,00	1,86

16578	10,00	1,86

16581	10,00	1,86

16584	10,00	1,86

16587	10,00	1,86

16590	10,00	1,86

16593	10,00	1,86

16596	10,00	2,04

16600	10,00	2,01

16603	10,00	1,98

16606	10,00	1,95

16609	10,00	1,93

16612	10,00	2,01

16615	10,00	2,17

16618	10,00	2,38

16621	10,00	2,46

16624	10,00	2,34

16627	10,00	2,24

16630	10,00	2,17

16633	10,00	2,29

16636	10,00	2,30

16638	10,00	2,21

16643	10,00	2,32

16646	10,00	2,51

16649	10,00	2,56

16651	10,00	2,61

16654	10,00	2,64

16657	10,00	2,67

16660	10,00	2,51

16663	10,00	2,47

16666	10,00	2,53

16669	10,00	2,58

16672	10,00	2,62

16675	10,00	2,66

16678	10,00	2,78

16681	10,00	2,59

16685	10,00	2,44

16688	10,00	2,33

16691	10,00	2,33

16694	10,00	2,32

16697	10,00	2,23

16700	10,00	2,16

16703	10,00	2,10

16706	10,00	2,05

16709	10,00	2,01

16712	10,00	1,98

16715	10,00	2,14

16718	10,00	2,08

16721	10,00	2,22

16724	10,00	2,15

16728	10,00	2,09

16731	10,00	2,04

16734	10,00	2,01

16737	10,00	1,98

16740	10,00	1,95

16743	10,00	2,12

16746	10,00	2,07

16749	10,00	2,12

16752	10,00	2,34

16755	10,00	2,34

16758	10,00	2,34

16761	10,00	2,24

16764	10,00	2,16

16768	10,00	2,10

16771	10,00	2,05

16774	10,00	2,01

16777	10,00	1,98

16780	10,00	1,96

16783	10,00	1,94

16786	10,00	1,92

16789	10,00	1,91

16792	10,00	1,90

16795	10,00	1,89

16798	10,00	1,88

16801	10,00	1,88

16804	10,00	1,87

16807	10,00	1,87

16811	10,00	1,87

16814	10,00	1,87

16817	10,00	1,86

16820	10,00	1,86

16823	10,00	1,86

16826	10,00	1,86

16829	10,00	1,86

16832	10,00	1,86

16835	10,00	1,86

16838	10,00	1,86

16841	10,00	1,86

16844	10,00	1,86

16847	10,00	1,86

16850	10,00	1,86

16854	10,00	1,86

16857	10,00	1,86

16860	10,00	1,86

16863	10,00	1,86

16866	10,00	1,86

16869	10,00	1,86

16872	10,00	1,86

16875	10,00	1,86

16878	10,00	1,86

16881	10,00	1,86

16884	10,00	1,86

16887	10,00	1,86

16890	10,00	1,86

16893	10,00	1,86

16897	10,00	1,86

16900	10,00	1,86

16903	10,00	1,86

16906	10,00	1,86

16909	10,00	1,86

16912	10,00	2,04

16915	10,00	2,01

16918	10,00	2,16

16921	10,00	2,38

16924	10,00	2,27

16927	10,00	2,38

16930	10,00	2,46

16933	10,00	2,52

16936	10,00	2,58

16940	10,00	2,62

16943	10,00	2,47

16946	10,00	2,34

16949	10,00	2,25

16952	10,00	2,17

16955	10,00	2,11

16958	10,00	2,06

16961	10,00	2,02

16964	10,00	1,98

16967	10,00	1,96

16970	10,00	1,94

16973	10,00	1,92

16976	10,00	1,91

16979	10,00	1,90

16983	10,00	1,89

16986	10,00	1,88

16989	10,00	1,88

16992	10,00	1,87

16995	10,00	2,06

16998	10,00	2,02

17001	10,00	1,98

17004	10,00	1,96

17007	10,00	1,94

17010	10,00	1,92

17013	10,00	1,91

17016	10,00	1,90

17018	10,00	1,89

17021	10,00	1,88

17025	10,00	1,88

17028	10,00	1,87

17031	10,00	1,87

17034	10,00	1,87

17037	10,00	1,87

17040	10,00	1,86

17043	10,00	1,86

17046	10,00	2,05

17049	10,00	2,19

17052	10,00	2,31

17055	10,00	2,50

17058	10,00	2,46

17061	10,00	2,62

17064	10,00	2,47

17068	10,00	2,35

17071	10,00	2,25

17074	10,00	2,17

17077	10,00	2,11

17080	10,00	2,06

17083	10,00	2,02

17086	10,00	1,98

17089	10,00	1,96

17092	10,00	1,94

17095	10,00	1,92

17098	10,00	1,91

17101	10,00	1,90

17104	10,00	1,89

17107	10,00	1,88

17111	10,00	1,88

17114	10,00	1,87

17117	10,00	1,87

17120	10,00	1,87

17123	10,00	1,87

17126	10,00	1,86

17129	10,00	1,86

17132	10,00	1,86

17135	10,00	1,86

17138	10,00	1,86

17141	10,00	1,86

17144	10,00	1,86

17147	10,00	1,86

17150	10,00	1,86

17154	10,00	1,86

17157	10,00	1,86

17160	10,00	1,86

17163	10,00	1,86

17166	10,00	1,86

17169	10,00	1,86

17172	10,00	1,86

17175	10,00	2,14

17178	10,00	2,08

17181	10,00	2,04

17184	10,00	2,00

17187	10,00	1,97

17190	10,00	1,95

17193	10,00	1,93

17197	10,00	1,92

17200	10,00	1,90

17203	10,00	1,89

17206	10,00	1,89

17209	10,00	1,88

17212	10,00	1,88

17215	10,00	1,87

17218	10,00	1,87

17221	10,00	2,15

17224	10,00	2,09

17227	10,00	2,04

17230	10,00	2,00

17233	10,00	1,97

17236	10,00	1,95

17240	10,00	1,93

17243	10,00	1,92

17246	10,00	1,91

17249	10,00	1,90

17252	10,00	1,89

17255	10,00	1,88

17258	10,00	1,88

17261	10,00	1,87

17264	10,00	1,87

17267	10,00	1,87

17270	10,00	1,86

17273	10,00	1,86

17276	10,00	1,86

17280	10,00	1,86

17283	10,00	1,86

17286	10,00	1,86

17289	10,00	1,86

17292	10,00	1,86

17295	10,00	1,86

17298	10,00	1,86

17301	10,00	1,86

17304	10,00	1,86

17307	10,00	1,86

17310	10,00	2,14

17313	10,00	2,08

17316	10,00	2,04

17319	10,00	2,19

17323	10,00	2,12

17326	10,00	2,07

17329	10,00	2,02

17332	10,00	1,99

17335	10,00	1,96

17338	10,00	1,94

17341	10,00	1,93

17344	10,00	1,91

17347	10,00	1,90

17350	10,00	1,89

17353	10,00	1,88

17356	10,00	1,88

17359	10,00	1,87

17362	10,00	1,87

17364	10,00	1,87

17368	10,00	1,87

17372	10,00	1,86

17374	10,00	1,86

17377	10,00	1,86

17381	10,00	2,05

17384	10,00	2,10

17386	10,00	2,05

17389	10,00	2,01

17392	10,00	1,98

17395	10,00	1,96

17398	10,00	1,94

17401	10,00	1,92

17404	10,00	1,91

17408	10,00	1,90

17411	10,00	1,89

17414	10,00	1,88

17417	10,00	1,88

17420	10,00	1,87

17423	10,00	1,87

17426	10,00	1,87

17429	10,00	1,87

17432	10,00	1,86

17435	10,00	1,86

17438	10,00	1,86

17441	10,00	1,86

17444	10,00	2,05

17447	10,00	2,19

17451	10,00	2,31

17454	10,00	2,22

17457	10,00	2,33

17460	10,00	2,33

17463	10,00	2,24

17466	10,00	2,16

17469	10,00	2,10

17472	10,00	2,05

17475	10,00	2,01

17478	10,00	1,98

17481	10,00	1,96

17484	10,00	1,94

17487	10,00	1,92

17490	10,00	2,19

17494	10,00	2,31

17497	10,00	2,22

17500	10,00	2,14

17503	10,00	2,09

17506	10,00	2,04

17509	10,00	2,00

17512	10,00	1,97

17515	10,00	1,95

17518	10,00	1,93

17521	10,00	1,92

17524	10,00	1,90

17527	10,00	1,90

17530	10,00	1,89

17533	10,00	1,88

17537	10,00	1,88

17540	10,00	1,87

17543	10,00	1,87

17546	10,00	1,87

17549	10,00	1,86

17552	10,00	2,14

17555	10,00	2,27

17558	10,00	2,37

17561	10,00	2,27

17564	10,00	2,19

17567	10,00	2,12

17570	10,00	2,07

17573	10,00	2,03

17576	10,00	1,99

17580	10,00	1,97

17583	10,00	1,94

17586	10,00	2,11

17589	10,00	2,25

17592	10,00	2,45

17595	10,00	2,33

17598	10,00	2,23

17601	10,00	2,16

17604	10,00	2,10

17607	10,00	2,05

17610	10,00	2,01

17613	10,00	1,98

17616	10,00	1,96

17619	10,00	1,94

17623	10,00	1,92

17626	10,00	1,91

17629	10,00	1,90

17632	10,00	1,89

17635	10,00	1,88

17638	10,00	1,88

17641	10,00	1,87

17644	10,00	1,87

17647	10,00	1,87

17650	10,00	2,05

17653	10,00	2,01

17656	10,00	2,17

17659	10,00	2,38

17662	10,00	2,46

17666	10,00	2,53

17669	10,00	2,58

17672	10,00	2,62

17675	10,00	2,47

17678	10,00	2,35

17681	10,00	2,25

17684	10,00	2,17

17687	10,00	2,11

17690	10,00	2,06

17693	10,00	2,02

17696	10,00	1,98

17699	10,00	1,96

17702	10,00	1,94

17705	10,00	1,92

17709	10,00	1,91

17712	10,00	1,90

17715	10,00	1,89

17718	10,00	1,88

17721	10,00	1,88

17724	10,00	1,87

17727	10,00	2,06

17730	10,00	2,29

17733	10,00	2,21

17736	10,00	2,14

17739	10,00	2,08

17742	10,00	2,04

17745	10,00	2,00

17748	10,00	1,97

17752	10,00	1,95

17755	10,00	1,93

17758	10,00	1,92

17761	10,00	1,90

17764	10,00	1,89

17767	10,00	1,89

17770	10,00	1,88

17773	10,00	1,88

17775	10,00	1,87

17779	10,00	1,87

17781	10,00	1,87

17785	10,00	1,86

17787	10,00	1,86

17790	10,00	1,86

17794	10,00	1,86

17797	10,00	1,86

17800	10,00	1,86

17803	10,00	2,14

17806	10,00	2,08

17809	10,00	2,04

17812	10,00	2,00

17815	10,00	1,97

17818	10,00	1,95

17821	10,00	1,93

17824	10,00	1,92

17827	10,00	1,90

17830	10,00	1,89

17833	10,00	2,07

17837	10,00	2,21

17840	10,00	2,42

17843	10,00	2,31

17846	10,00	2,22

17849	10,00	2,15

17852	10,00	2,09

17855	10,00	2,04

17858	10,00	2,00

17861	10,00	1,98

17864	10,00	1,95

17867	10,00	1,93

17870	10,00	1,92

17873	10,00	1,91

17876	10,00	1,90

17880	10,00	1,89

17883	10,00	1,88

17886	10,00	1,88

17889	10,00	1,87

17892	10,00	2,06

17895	10,00	2,29

17898	10,00	2,21

17901	10,00	2,14

17904	10,00	2,08

17907	10,00	2,04

17910	10,00	2,00

17913	10,00	1,97

17916	10,00	1,95

17920	10,00	1,93

17923	10,00	1,92

17926	10,00	1,90

17929	10,00	1,89

17932	10,00	1,89

17935	10,00	1,88

17938	10,00	1,88

17941	10,00	1,87

17944	10,00	2,05

17947	10,00	2,29

17950	10,00	2,21

17953	10,00	2,14

17956	10,00	2,27

17959	10,00	2,18

17963	10,00	2,12

17966	10,00	2,07

17969	10,00	2,02

17972	10,00	1,99

17975	10,00	1,96

17978	10,00	1,94

17981	10,00	1,93

17984	10,00	1,91

17987	10,00	1,90

17990	10,00	1,89

17993	10,00	1,88

17996	10,00	1,88

17999	10,00	1,87

18002	0,00	1,87

18006	0,00	1,87

18009	0,00	1,96

18012	0,00	1,94

18015	0,00	1,92

18018	0,00	1,82

18020	0,00	1,64

18023	0,00	1,50

18026	0,00	1,38

18029	0,00	1,20

18032	0,00	1,14

18035	0,00	1,01

18037	0,00	0,81

18040	0,00	0,74

18043	0,00	0,59

18046	0,00	0,47

18050	0,00	0,38

18053	0,00	0,30

18055	0,00	0,24

18058	0,00	0,19

18061	0,00	0,15

18064	0,00	0,12

18067	0,00	0,10

18069	0,00	0,08

18072	0,00	0,06

18075	0,00	0,05

18078	0,00	0,04

18081	0,00	0,03

18083	0,00	0,03

18086	0,00	0,02

18089	0,00	0,02

18093	0,00	0,01

18096	0,00	0,01

18098	0,00	0,01

18101	0,00	0,01

18104	0,00	0,01

18107	0,00	0,00

18110	0,00	0,00

18112	0,00	0,00

18115	0,00	0,00

18118	0,00	0,00

18121	0,00	0,00

18124	0,00	0,00

18126	0,00	0,00

18129	0,00	0,00

18132	0,00	0,00

18136	0,00	0,00

18139	0,00	0,00

18141	0,00	0,00

18144	0,00	0,00

18147	0,00	0,00

18150	0,00	0,00

18153	0,00	0,00

18156	0,00	0,00

18158	0,00	0,00

18161	0,00	0,00

18164	0,00	0,00

18167	0,00	0,00

18170	0,00	0,00

18172	0,00	0,00

18176	0,00	0,00

18179	0,00	0,00

18182	0,00	0,00

18185	0,00	0,00

18187	0,00	0,00

18190	0,00	0,00

18193	0,00	0,00

18196	0,00	0,00

18199	0,00	0,00

18201	0,00	0,00

18204	0,00	0,00

18207	0,00	0,00

18210	0,00	0,00

18213	0,00	0,00

18215	0,00	0,00

18219	0,00	0,00

18222	0,00	0,00

18225	0,00	0,00

18228	0,00	0,00

18230	0,00	0,00

18233	0,00	0,00

18236	0,00	0,00

18239	0,00	0,00

18242	0,00	0,00

18244	0,00	0,00

18247	0,00	0,00

18250	0,00	0,00

18253	0,00	0,00

18256	0,00	0,00

18258	0,00	0,00

18262	0,00	0,00

18265	0,00	0,00

18268	0,00	0,00

18271	0,00	0,00

18273	0,00	0,00

18276	0,00	0,00

18279	0,00	0,00

18282	0,00	0,00

18285	0,00	0,00

18287	0,00	0,00

18290	0,00	0,00

18293	0,00	0,00

18296	0,00	0,00

18299	0,00	0,00

18301	0,00	0,00

18305	0,00	0,00

18308	0,00	0,00

18311	0,00	0,00

18314	0,00	0,00

18316	0,00	0,00

18319	0,00	0,00

18322	0,00	0,00

18325	0,00	0,00

18328	0,00	0,00

18330	0,00	0,00

18333	0,00	0,00

18336	0,00	0,00

18339	0,00	0,00

18342	0,00	0,00

18345	0,00	0,00

18348	0,00	0,00

18351	0,00	0,00

18354	0,00	0,00

18357	0,00	0,00

18360	0,00	0,00

18362	0,00	0,00

18365	0,00	0,00

18368	0,00	0,00

18371	0,00	0,00

18374	0,00	0,00

18376	0,00	0,00

18379	0,00	0,00

18382	0,00	0,00

18385	0,00	0,00

18388	0,00	0,00

18391	0,00	0,00

18394	0,00	0,00

18397	0,00	0,00

18400	0,00	0,00

18403	0,00	0,00

18405	0,00	0,00

18408	0,00	0,00

18411	0,00	0,00

18414	0,00	0,00

18417	0,00	0,00

18419	0,00	0,00

18422	0,00	0,00

18425	0,00	0,00

18428	0,00	0,00

18432	0,00	0,00

18434	0,00	0,00

18437	0,00	0,00

18440	0,00	0,00

18443	0,00	0,00

18446	0,00	0,00

18448	0,00	0,00

18451	0,00	0,00

18454	0,00	0,00

18457	0,00	0,00

18460	0,00	0,00

18462	0,00	0,00

18465	0,00	0,00

18468	0,00	0,00

18471	0,00	0,00

18475	0,00	0,00

18477	0,00	0,00

18480	0,00	0,00

18483	0,00	0,00

18486	0,00	0,00

18489	0,00	0,00

18491	0,00	0,00

18494	0,00	0,00

18497	0,00	0,00

18500	0,00	0,00

18503	0,00	0,00

18506	0,00	0,00

18508	0,00	0,00

18511	0,00	0,00

18514	0,00	0,00

18518	0,00	0,00

18521	0,00	0,00

18523	0,00	0,00

18526	0,00	0,00

18529	0,00	0,00

18532	0,00	0,00

18535	0,00	0,00

18537	0,00	0,00

18540	0,00	0,00

18543	0,00	0,00

18546	0,00	0,00

18549	0,00	0,00

18551	0,00	0,00

18554	0,00	0,00

18557	0,00	0,00

18561	0,00	0,00

18564	0,00	0,00

18566	0,00	0,00

18569	0,00	0,00

18572	0,00	0,00

18575	0,00	0,00

18577	0,00	0,00

18580	0,00	0,00

18583	0,00	0,00

18586	0,00	0,00

18589	0,00	0,00

18591	0,00	0,00

18594	0,00	0,00

18597	0,00	0,00

18600	0,00	0,00

18604	0,00	0,00

18606	0,00	0,00

18609	0,00	0,00

18612	0,00	0,00

18615	0,00	0,00

18618	0,00	0,00

18621	0,00	0,00

18623	0,00	0,00

18626	0,00	0,00

18629	0,00	0,00

18632	0,00	0,00

18635	0,00	0,00

18637	0,00	0,00

18640	0,00	0,00

18643	0,00	0,00

18647	0,00	0,00

18650	0,00	0,00

18652	0,00	0,00

18655	0,00	0,00

18658	0,00	0,00

18661	0,00	0,00

18664	0,00	0,00

18666	0,00	0,00

18669	0,00	0,00

18672	0,00	0,00

18675	0,00	0,00

18678	0,00	0,00

18680	0,00	0,00

18683	0,00	0,00

18686	0,00	0,00

18690	0,00	0,00

18693	0,00	0,00

18695	0,00	0,00

18698	0,00	0,00

18701	0,00	0,00

18704	0,00	0,00

18707	0,00	0,00

18709	0,00	0,00

18712	0,00	0,00

18715	0,00	0,00

18718	0,00	0,00

18721	0,00	0,00

18723	0,00	0,00

18726	0,00	0,00

18729	0,00	0,00

18733	0,00	0,00

18736	0,00	0,00

18738	0,00	0,00

18741	0,00	0,00

18744	0,00	0,00

18747	0,00	0,00

18750	0,00	0,00

18752	0,00	0,00

18755	0,00	0,00

18758	0,00	0,00

18761	0,00	0,00

18764	0,00	0,00

18766	0,00	0,00

18769	0,00	0,00

18772	0,00	0,00

18776	0,00	0,00

18779	0,00	0,00

18781	0,00	0,00

18784	0,00	0,00

18787	0,00	0,00

18790	0,00	0,00

18793	0,00	0,00

18795	0,00	0,00

18798	0,00	0,00

18801	0,00	0,00

18804	0,00	0,00

18807	0,00	0,00

18810	0,00	0,00

18812	0,00	0,00

18816	0,00	0,00

18819	0,00	0,00

18822	0,00	0,00

18825	0,00	0,00

18827	0,00	0,00

18830	0,00	0,00

18833	0,00	0,00

18836	0,00	0,00

18839	0,00	0,00

18841	0,00	0,00

18844	0,00	0,00

18847	0,00	0,00

18850	0,00	0,00

18853	0,00	0,00

18855	0,00	0,00

18859	0,00	0,00

18862	0,00	0,00

18865	0,00	0,00

18868	0,00	0,00

18870	0,00	0,00

18873	0,00	0,00

18876	0,00	0,00

18879	0,00	0,00

18882	0,00	0,00

18884	0,00	0,00

18887	0,00	0,00

18890	0,00	0,00

18893	0,00	0,00

18896	0,00	0,00

18898	0,00	0,00

18902	0,00	0,00

18905	0,00	0,00

18908	0,00	0,00

18911	0,00	0,00

18913	0,00	0,00

18916	0,00	0,00

18919	0,00	0,00

18922	0,00	0,00

18925	0,00	0,00

18927	0,00	0,00

18930	0,00	0,00

18933	0,00	0,00

18936	0,00	0,00

18939	0,00	0,00

18941	0,00	0,00

18945	0,00	0,00

18948	0,00	0,00

18951	0,00	0,00

18954	0,00	0,00

18957	0,00	0,00

18959	0,00	0,00

18962	0,00	0,00

18965	0,00	0,00

18968	0,00	0,00

18971	0,00	0,00

18973	0,00	0,00

18976	0,00	0,00

18979	0,00	0,00

18982	0,00	0,00

18985	0,00	0,00

18988	0,00	0,00

18991	0,00	0,00

18994	0,00	0,00

18997	0,00	0,00

19000	0,00	0,00

19002	0,00	0,00

19005	0,00	0,00

19008	0,00	0,00

19011	0,00	0,00

19014	0,00	0,00

19016	0,00	0,00

19019	0,00	0,00

19022	0,00	0,00

19025	0,00	0,00

19028	0,00	0,00

19031	0,00	0,00

19034	0,00	0,00

19037	0,00	0,00

19040	0,00	0,00

19043	0,00	0,00

19045	0,00	0,00

19048	0,00	0,00

19051	0,00	0,00

19054	0,00	0,00

19057	0,00	0,00

19059	0,00	0,00

19062	0,00	0,00

19065	0,00	0,00

19068	0,00	0,00

19072	0,00	0,00

19074	0,00	0,00

19077	0,00	0,00

19080	0,00	0,00

19083	0,00	0,00

19086	0,00	0,00

19088	0,00	0,00

19091	0,00	0,00

19094	0,00	0,00

19097	0,00	0,00

19100	0,00	0,00

19102	0,00	0,00

19105	0,00	0,00

19108	0,00	0,00

19111	0,00	0,00

19115	0,00	0,00

19118	0,00	0,00

19120	0,00	0,00

19123	0,00	0,00

19126	0,00	0,00

19129	0,00	0,00

19132	0,00	0,00

19134	0,00	0,00

19137	0,00	0,00

19140	0,00	0,00

19143	0,00	0,00

19146	0,00	0,00

19148	0,00	0,00

19151	0,00	0,00

19154	0,00	0,00

19158	0,00	0,00

19161	0,00	0,00

19163	0,00	0,00

19166	0,00	0,00

19169	0,00	0,00

19172	0,00	0,00

19175	0,00	0,00

19177	0,00	0,00

19180	0,00	0,00

19183	0,00	0,00

19186	0,00	0,00

19189	0,00	0,00

19191	0,00	0,00

19194	0,00	0,00

19197	0,00	0,00

19201	0,00	0,00

19204	0,00	0,00

19206	0,00	0,00

19209	0,00	0,00

19212	0,00	0,00

19215	0,00	0,00

19218	0,00	0,00

19220	0,00	0,00

19223	0,00	0,00

19226	0,00	0,00

19229	0,00	0,00

19232	0,00	0,00

19234	0,00	0,00

19237	0,00	0,00

19240	0,00	0,00

19244	0,00	0,00

19247	0,00	0,00

19249	0,00	0,00

19252	0,00	0,00

19255	0,00	0,00

19258	0,00	0,00

19261	0,00	0,00

19263	0,00	0,00

19266	0,00	0,00

19269	0,00	0,00

19272	0,00	0,00

19275	0,00	0,00

19277	0,00	0,00

19280	0,00	0,00

19283	0,00	0,00

19287	0,00	0,00

19290	0,00	0,00

19292	0,00	0,00

19295	0,00	0,00

19298	0,00	0,00

19301	0,00	0,00

19304	0,00	0,00

19307	0,00	0,00

19309	0,00	0,00

19312	0,00	0,00

19315	0,00	0,00

19318	0,00	0,00

19321	0,00	0,00

19323	0,00	0,00

19326	0,00	0,00

19330	0,00	0,00

19333	0,00	0,00

19336	0,00	0,00

19338	0,00	0,00

19341	0,00	0,00

19344	0,00	0,00

19347	0,00	0,00

19350	0,00	0,00

19352	0,00	0,00

19355	0,00	0,00

19358	0,00	0,00

19361	0,00	0,00

19364	0,00	0,00

19366	0,00	0,00

19369	0,00	0,00

19373	0,00	0,00

19376	0,00	0,00

19379	0,00	0,00

19381	0,00	0,00

19384	0,00	0,00

19387	0,00	0,00

19390	0,00	0,00

19393	0,00	0,00

19395	0,00	0,00

19398	0,00	0,00

19401	0,00	0,00

19404	0,00	0,00

19407	0,00	0,00

19409	0,00	0,00

19412	0,00	0,00

19416	0,00	0,00

19419	0,00	0,00

19422	0,00	0,00

19424	0,00	0,00

19427	0,00	0,00

19430	0,00	0,00

19433	0,00	0,00

19436	0,00	0,00

19438	0,00	0,00

19441	0,00	0,00

19444	0,00	0,00

19447	0,00	0,00

19450	0,00	0,00

19452	0,00	0,00

19456	0,00	0,00

19459	0,00	0,00

19462	0,00	0,00

19465	0,00	0,00

19467	0,00	0,00

19470	0,00	0,00

19473	0,00	0,00

19476	0,00	0,00

19479	0,00	0,00

19481	0,00	0,00

19484	0,00	0,00

19487	0,00	0,00

19490	0,00	0,00

19493	0,00	0,00

19496	0,00	0,00

19499	0,00	0,00

19502	0,00	0,00

19505	0,00	0,00

19508	0,00	0,00

19511	0,00	0,00

19513	0,00	0,00

19516	0,00	0,00

19519	0,00	0,00

19522	0,00	0,00

19525	0,00	0,00

19527	0,00	0,00

19530	0,00	0,00

19533	0,00	0,00

19536	0,00	0,00

19539	0,00	0,00

19542	0,00	0,00

19545	0,00	0,00

19548	0,00	0,00

19551	0,00	0,00

19554	0,00	0,00

19556	0,00	0,00

19559	0,00	0,00

19562	0,00	0,00

19565	0,00	0,00

19568	0,00	0,00

19570	0,00	0,00

19573	0,00	0,00

19576	0,00	0,00

19579	0,00	0,00

19582	0,00	0,00

19585	0,00	0,00

19588	0,00	0,00

19591	0,00	0,00

19594	0,00	0,00

19597	0,00	0,00

19599	0,00	0,00

19602	0,00	0,00

19605	0,00	0,00

19608	0,00	0,00

19611	0,00	0,00

19613	0,00	0,00

19616	0,00	0,00

19619	0,00	0,00

19622	0,00	0,00

19625	0,00	0,00

19628	0,00	0,00

19631	0,00	0,00

19634	0,00	0,00

19637	0,00	0,00

19640	0,00	0,00

19642	0,00	0,00

19645	0,00	0,00

19648	0,00	0,00

19651	0,00	0,00

19654	0,00	0,00

19656	0,00	0,00

19659	0,00	0,00

19662	0,00	0,00

19665	0,00	0,00

19668	0,00	0,00

19671	0,00	0,00

19674	0,00	0,00

19677	0,00	0,00

19680	0,00	0,00

19683	0,00	0,00

19686	0,00	0,00

19688	0,00	0,00

19691	0,00	0,00

19694	0,00	0,00

19697	0,00	0,00

19700	0,00	0,00

19702	0,00	0,00

19705	0,00	0,00

19708	0,00	0,00

19712	0,00	0,00

19715	0,00	0,00

19717	0,00	0,00

19720	0,00	0,00

19723	0,00	0,00

19726	0,00	0,00

19729	0,00	0,00

19731	0,00	0,00

19734	0,00	0,00

19737	0,00	0,00

19740	0,00	0,00

19743	0,00	0,00

19745	0,00	0,00

19748	0,00	0,00

19751	0,00	0,00

19755	0,00	0,00

19758	0,00	0,00

19760	0,00	0,00

19763	0,00	0,00

19766	0,00	0,00

19769	0,00	0,00

19772	0,00	0,00

19774	0,00	0,00

19777	0,00	0,00

19780	0,00	0,00

19783	0,00	0,00

19786	0,00	0,00

19788	0,00	0,00

19791	0,00	0,00

19794	0,00	0,00

19798	0,00	0,00

19801	0,00	0,00

19803	0,00	0,00

19806	0,00	0,00

19809	0,00	0,00

19812	0,00	0,00

19815	0,00	0,00

19817	0,00	0,00

19820	0,00	0,00

19823	0,00	0,00

19826	0,00	0,00

19829	0,00	0,00

19831	0,00	0,00

19834	0,00	0,00

19837	0,00	0,00

19841	0,00	0,00

19844	0,00	0,00

19847	0,00	0,00

19849	0,00	0,00

19852	0,00	0,00

19855	0,00	0,00

19858	0,00	0,00

19861	0,00	0,00

19863	0,00	0,00

19866	0,00	0,00

19869	0,00	0,00

19872	0,00	0,00

19875	0,00	0,00

19877	0,00	0,00

19880	0,00	0,00

19884	0,00	0,00

19887	0,00	0,00

19890	0,00	0,00

19892	0,00	0,00

19895	0,00	0,00

19898	0,00	0,00

19901	0,00	0,00

19904	0,00	0,00

19906	0,00	0,00

19909	0,00	0,00

19912	0,00	0,00

19915	0,00	0,00

19918	0,00	0,00

19920	0,00	0,00

19923	0,00	0,00

19927	0,00	0,00

19930	0,00	0,00

19933	0,00	0,00

19935	0,00	0,00

19938	0,00	0,00

19941	0,00	0,00

19944	0,00	0,00

19947	0,00	0,00

19949	0,00	0,00

19952	0,00	0,00

19955	0,00	0,00

19958	0,00	0,00

19961	0,00	0,00

19963	0,00	0,00

19966	0,00	0,00

19970	0,00	0,00

19973	0,00	0,00

19976	0,00	0,00

19978	0,00	0,00

19981	0,00	0,00

19984	0,00	0,00

19987	0,00	0,00

19990	0,00	0,00

19992	0,00	0,00

19995	0,00	0,00

19998	0,00	0,00

20001	10,00	0,00

20004	10,00	0,00

20007	10,00	0,09

20011	10,00	0,17

20013	10,00	0,32

20016	10,00	0,53

20019	10,00	0,71

20022	10,00	0,84

20025	10,00	1,05

20028	10,00	1,12

20031	10,00	1,36

20034	10,00	1,27

20037	10,00	1,48

20040	10,00	1,65

20043	10,00	1,69

20046	10,00	1,82

20049	10,00	1,82

20052	10,00	2,02

20056	10,00	1,89

20059	10,00	1,88

20062	10,00	1,88

20065	10,00	1,87

20068	10,00	1,87

20071	10,00	1,87

20074	10,00	1,87

20077	10,00	1,86

20080	10,00	1,86

20083	10,00	1,86

20086	10,00	1,86

20089	10,00	1,86

20092	10,00	1,86

20096	10,00	1,86

20099	10,00	1,86

20102	10,00	1,86

20105	10,00	1,86

20108	10,00	1,86

20111	10,00	2,04

20114	10,00	2,10

20117	10,00	2,24

20120	10,00	2,16

20123	10,00	2,10

20126	10,00	2,05

20129	10,00	2,01

20132	10,00	1,98

20135	10,00	2,05

20139	10,00	2,01

20142	10,00	1,98

20145	10,00	1,96

20148	10,00	1,94

20151	10,00	1,92

20154	10,00	1,91

20157	10,00	1,90

20160	10,00	1,89

20163	10,00	1,88

20166	10,00	1,88

20169	10,00	1,87

20172	10,00	1,87

20175	10,00	1,87

20178	10,00	1,87

20182	10,00	1,86

20185	10,00	1,86

20188	10,00	1,86

20191	10,00	2,05

20194	10,00	2,19

20197	10,00	2,40

20200	10,00	2,48

20203	10,00	2,36

20206	10,00	2,26

20209	10,00	2,18

20212	10,00	2,11

20215	10,00	2,06

20218	10,00	2,02

20221	10,00	1,99

20225	10,00	1,96

20228	10,00	1,94

20231	10,00	1,92

20234	10,00	1,91

20237	10,00	1,90

20240	10,00	1,89

20243	10,00	1,88

20245	10,00	2,06

20248	10,00	2,02

20252	10,00	2,18

20254	10,00	2,39

20257	10,00	2,47

20260	10,00	2,35

20263	10,00	2,25

20267	10,00	2,17

20270	10,00	2,11

20273	10,00	2,06

20276	10,00	2,02

20279	10,00	1,99

20282	10,00	1,96

20285	10,00	1,94

20288	10,00	1,92

20291	10,00	1,91

20294	10,00	1,90

20297	10,00	1,89

20300	10,00	1,88

20303	10,00	1,88

20306	10,00	1,87

20310	10,00	1,87

20313	10,00	1,87

20316	10,00	1,87

20319	10,00	1,86

20322	10,00	1,86

20325	10,00	1,86

20328	10,00	1,86

20331	10,00	1,86

20334	10,00	1,86

20337	10,00	1,86

20340	10,00	1,86

20343	10,00	1,86

20346	10,00	1,86

20349	10,00	1,86

20353	10,00	1,86

20356	10,00	1,86

20359	10,00	1,86

20362	10,00	1,86

20365	10,00	1,86

20368	10,00	1,86

20371	10,00	1,86

20374	10,00	1,86

20377	10,00	1,86

20380	10,00	1,86

20383	10,00	1,86

20386	10,00	1,86

20389	10,00	1,86

20392	10,00	1,86

20396	10,00	1,86

20399	10,00	1,86

20402	10,00	1,86

20405	10,00	1,86

20408	10,00	1,95

20411	10,00	2,12

20414	10,00	2,25

20417	10,00	2,36

20420	10,00	2,35

20423	10,00	2,25

20426	10,00	2,17

20429	10,00	2,30

20432	10,00	2,30

20435	10,00	2,49

20439	10,00	2,27

20442	10,00	2,37

20445	10,00	2,46

20448	10,00	2,61

20451	10,00	2,65

20454	10,00	2,49

20457	10,00	2,36

20460	10,00	2,36

20463	10,00	2,44

20466	10,00	2,60

20469	10,00	2,45

20472	10,00	2,52

20475	10,00	2,39

20478	10,00	2,28

20482	10,00	2,20

20485	10,00	2,13

20488	10,00	2,26

20491	10,00	2,36

20494	10,00	2,36

20497	10,00	2,44

20500	10,00	2,42

20503	10,00	2,31

20506	10,00	2,22

20509	10,00	2,33

20512	10,00	2,42

20515	10,00	2,31

20518	10,00	2,31

20521	10,00	2,50

20525	10,00	2,46

20528	10,00	2,62

20531	10,00	2,65

20534	10,00	2,49

20537	10,00	2,37

20540	10,00	2,45

20543	10,00	2,52

20546	10,00	2,57

20549	10,00	2,43

20552	10,00	2,50

20555	10,00	2,37

20558	10,00	2,45

20561	10,00	2,33

20564	10,00	2,33

20568	10,00	2,42

20571	10,00	2,59

20574	10,00	2,63

20577	10,00	2,57

20580	10,00	2,52

20583	10,00	2,38

20586	10,00	2,28

20589	10,00	2,19

20592	10,00	2,13

20595	10,00	2,07

20598	10,00	2,03

20601	10,00	2,00

20604	10,00	1,97

20608	10,00	1,95

20611	10,00	1,93

20614	10,00	1,91

20617	10,00	1,90

20620	10,00	2,08

20623	10,00	2,03

20626	10,00	2,00

20629	10,00	1,97

20632	10,00	1,95

20634	10,00	1,93

20637	10,00	1,91

20640	10,00	1,90

20643	10,00	1,89

20646	10,00	2,07

20649	10,00	2,03

20653	10,00	1,99

20656	10,00	2,15

20659	10,00	2,09

20662	10,00	2,05

20665	10,00	2,01

20668	10,00	1,98

20671	10,00	1,95

20674	10,00	1,93

20677	10,00	1,92

20680	10,00	1,91

20683	10,00	1,90

20686	10,00	1,89

20689	10,00	1,88

20692	10,00	1,88

20696	10,00	1,87

20699	10,00	1,87

20702	10,00	1,87

20705	10,00	1,87

20708	10,00	1,86

20711	10,00	1,86

20714	10,00	1,86

20717	10,00	1,86

20720	10,00	1,86

20723	10,00	1,86

20726	10,00	1,86

20729	10,00	1,86

20732	10,00	1,86

20736	10,00	1,86

20739	10,00	1,86

20742	10,00	1,86

20745	10,00	1,86

20748	10,00	1,86

20751	10,00	1,86

20754	10,00	1,86

20757	10,00	1,86

20760	10,00	1,86

20763	10,00	1,86

20766	10,00	1,86

20769	10,00	1,86

20772	10,00	1,86

20775	10,00	1,86

20779	10,00	1,86

20782	10,00	1,86

20785	10,00	1,86

20788	10,00	1,86

20791	10,00	1,86

20794	10,00	1,86

20797	10,00	1,86

20800	10,00	1,86

20803	10,00	1,86

20806	10,00	1,86

20809	10,00	1,86

20812	10,00	1,86

20815	10,00	1,86

20818	10,00	1,86

20822	10,00	1,86

20825	10,00	1,86

20828	10,00	1,86

20831	10,00	1,86

20834	10,00	1,86

20837	10,00	1,86

20840	10,00	1,86

20843	10,00	1,86

20846	10,00	1,86

20849	10,00	1,86

20852	10,00	1,86

20855	10,00	1,86

20858	10,00	1,86

20861	10,00	1,86

20865	10,00	1,86

20868	10,00	1,86

20871	10,00	1,86

20873	10,00	1,86

20876	10,00	1,86

20879	10,00	1,86

20882	10,00	1,86

20885	10,00	1,86

20888	10,00	1,86

20891	10,00	1,86

20894	10,00	1,86

20897	10,00	1,86

20900	10,00	1,86

20903	10,00	1,86

20907	10,00	1,86

20910	10,00	1,86

20913	10,00	1,86

20916	10,00	1,86

20919	10,00	1,86

20922	10,00	1,86

20925	10,00	1,86

20928	10,00	2,04

20931	10,00	2,28

20934	10,00	2,38

20937	10,00	2,37

20940	10,00	2,36

20943	10,00	2,26

20946	10,00	2,18

20950	10,00	2,12

20953	10,00	2,06

20956	10,00	2,02

20959	10,00	1,99

20962	10,00	1,96

20965	10,00	1,94

20968	10,00	1,92

20971	10,00	1,91

20974	10,00	1,90

20977	10,00	1,89

20980	10,00	2,07

20983	10,00	2,21

20986	10,00	2,23

20989	10,00	2,25

20993	10,00	2,27

20996	10,00	2,18

20999	10,00	2,12

21002	10,00	2,07

21005	10,00	2,02

21008	10,00	1,99

21011	10,00	1,96

21014	10,00	1,94

21017	10,00	1,93

21020	10,00	1,91

21023	10,00	1,90

21026	10,00	1,89

21029	10,00	1,88

21032	10,00	1,88

21036	10,00	1,87

21039	10,00	1,87

21042	10,00	1,87

21045	10,00	1,87

21048	10,00	1,86

21051	10,00	1,86

21054	10,00	2,14

21057	10,00	2,08

21060	10,00	2,04

21063	10,00	2,00

21066	10,00	1,97

21069	10,00	1,95

21072	10,00	1,93

21075	10,00	1,92

21079	10,00	1,90

21082	10,00	1,89

21085	10,00	1,89

21088	10,00	1,97

21091	10,00	1,95

21094	10,00	1,93

21097	10,00	1,92

21100	10,00	1,90

21103	10,00	1,90

21106	10,00	1,89

21109	10,00	1,88

21112	10,00	1,88

21115	10,00	1,87

21118	10,00	1,87

21122	10,00	1,87

21125	10,00	1,86

21128	10,00	1,86

21131	10,00	1,86

21134	10,00	1,86

21137	10,00	1,86

21140	10,00	1,86

21143	10,00	1,86

21146	10,00	1,86

21149	10,00	1,86

21152	10,00	1,86

21155	10,00	1,86

21158	10,00	1,86

21161	10,00	1,86

21165	10,00	1,86

21168	10,00	1,86

21171	10,00	2,04

21174	10,00	2,19

21177	10,00	2,22

21180	10,00	2,15

21183	10,00	2,09

21186	10,00	2,04

21189	10,00	2,00

21192	10,00	1,97

21195	10,00	1,95

21198	10,00	1,93

21201	10,00	1,92

21204	10,00	1,91

21208	10,00	1,90

21211	10,00	1,89

21214	10,00	1,88

21217	10,00	1,88

21220	10,00	1,87

21223	10,00	2,06

21226	10,00	2,20

21229	10,00	2,23

21232	10,00	2,15

21235	10,00	2,09

21238	10,00	2,05

21241	10,00	2,01

21244	10,00	1,98

21248	10,00	1,95

21251	10,00	1,93

21254	10,00	1,92

21257	10,00	1,91

21260	10,00	1,90

21263	10,00	1,89

21266	10,00	1,88

21269	10,00	1,88

21272	10,00	1,87

21275	10,00	1,87

21278	10,00	1,87

21281	10,00	1,87

21284	10,00	1,86

21287	10,00	1,86

21291	10,00	1,86

21294	10,00	1,86

21297	10,00	2,14

21300	10,00	2,08

21303	10,00	2,22

21306	10,00	2,15

21309	10,00	2,09

21312	10,00	2,04

21315	10,00	2,01

21317	10,00	1,98

21320	10,00	1,95

21323	10,00	1,93

21326	10,00	1,92

21329	10,00	1,91

21332	10,00	1,90

21336	10,00	1,89

21339	10,00	1,97

21342	10,00	1,95

21345	10,00	1,93

21348	10,00	1,92

21351	10,00	1,91

21354	10,00	1,90

21357	10,00	1,89

21360	10,00	1,88

21363	10,00	1,88

21366	10,00	1,87

21369	10,00	1,87

21372	10,00	1,87

21376	10,00	1,87

21379	10,00	1,86

21382	10,00	1,86

21385	10,00	1,86

21388	10,00	2,05

21391	10,00	2,01

21394	10,00	1,98

21397	10,00	1,95

21400	10,00	2,12

21403	10,00	2,35

21406	10,00	2,25

21409	10,00	2,17

21412	10,00	2,11

21415	10,00	2,06

21419	10,00	2,02

21422	10,00	1,99

21425	10,00	1,96

21428	10,00	1,94

21431	10,00	1,92

21434	10,00	1,91

21437	10,00	1,90

21440	10,00	2,08

21443	10,00	2,22

21446	10,00	2,24

21449	10,00	2,16

21452	10,00	2,10

21455	10,00	2,05

21458	10,00	2,01

21462	10,00	1,98

21465	10,00	1,96

21468	10,00	1,94

21471	10,00	1,92

21474	10,00	1,91

21477	10,00	1,90

21480	10,00	1,89

21483	10,00	1,88

21486	10,00	1,88

21489	10,00	1,87

21492	10,00	1,87

21495	10,00	1,87

21498	10,00	1,87

21501	10,00	1,86

21505	10,00	2,05

21508	10,00	2,29

21511	10,00	2,20

21514	10,00	2,13

21517	10,00	2,08

21520	10,00	2,03

21523	10,00	2,00

21526	10,00	1,97

21529	10,00	1,95

21532	10,00	1,93

21535	10,00	1,91

21538	10,00	1,90

21541	10,00	1,89

21544	10,00	1,98

21548	10,00	1,95

21551	10,00	1,94

21554	10,00	1,92

21557	10,00	1,91

21560	10,00	1,90

21563	10,00	1,89

21566	10,00	1,88

21569	10,00	1,88

21572	10,00	1,87

21575	10,00	1,87

21578	10,00	1,87

21581	10,00	2,05

21584	10,00	2,29

21587	10,00	2,20

21591	10,00	2,13

21594	10,00	2,08

21597	10,00	2,03

21600	10,00	2,00

21603	10,00	1,97

21606	10,00	1,95

21609	10,00	1,93

21612	10,00	2,10

21615	10,00	2,24

21618	10,00	2,25

21621	10,00	2,36

21624	10,00	2,26

21627	10,00	2,18

21630	10,00	2,11

21634	10,00	2,06

21637	10,00	2,02

21640	10,00	1,99

21643	10,00	1,96

21646	10,00	1,94

21649	10,00	1,92

21652	10,00	1,91

21655	10,00	1,90

21658	10,00	1,89

21661	10,00	1,88

21664	10,00	1,88

21667	10,00	1,87

21670	10,00	1,87

21673	10,00	1,87

21677	10,00	1,87

21680	10,00	1,86

21683	10,00	1,96

21686	10,00	1,94

21689	10,00	1,92

21692	10,00	1,91

21695	10,00	1,90

21698	10,00	1,89

21701	10,00	1,88

21704	10,00	1,88

21707	10,00	1,87

21710	10,00	1,87

21713	10,00	1,87

21716	10,00	1,87

21720	10,00	1,86

21723	10,00	1,86

21726	10,00	1,86

21729	10,00	2,14

21732	10,00	2,08

21735	10,00	2,04

21738	10,00	2,00

21741	10,00	1,97

21744	10,00	1,95

21747	10,00	1,93

21750	10,00	1,92

21753	10,00	1,90

21755	10,00	1,89

21758	10,00	1,89

21762	10,00	1,88

21765	10,00	1,88

21768	10,00	1,87

21771	10,00	1,87

21774	10,00	1,87

21777	10,00	1,86

21780	10,00	1,86

21783	10,00	1,86

21786	10,00	2,14

21789	10,00	2,08

21792	10,00	2,04

21795	10,00	2,00

21798	10,00	1,97

21801	10,00	1,95

21805	10,00	1,93

21808	10,00	2,10

21811	10,00	2,24

21814	10,00	2,25

21817	10,00	2,18

21820	10,00	2,11

21823	10,00	2,06

21826	10,00	2,02

21829	10,00	1,99

21832	10,00	1,96

21835	10,00	1,94

21838	10,00	1,92

21841	10,00	1,91

21844	10,00	1,90

21848	10,00	1,89

21851	10,00	1,88

21854	10,00	2,06

21857	10,00	2,21

21860	10,00	2,23

21863	10,00	2,16

21866	10,00	2,10

21869	10,00	2,05

21872	10,00	2,01

21875	10,00	1,98

21878	10,00	1,95

21881	10,00	1,94

21884	10,00	1,92

21888	10,00	1,91

21891	10,00	1,90

21894	10,00	2,07

21897	10,00	2,12

21900	10,00	2,07

21903	10,00	2,03

21906	10,00	1,99

21909	10,00	1,97

21912	10,00	1,94

21915	10,00	1,93

21918	10,00	1,91

21921	10,00	1,90

21924	10,00	1,89

21927	10,00	1,89

21931	10,00	1,88

21934	10,00	1,88

21937	10,00	1,87

21940	10,00	1,87

21943	10,00	1,87

21946	10,00	1,86

21949	10,00	1,86

21952	10,00	2,05

21955	10,00	2,29

21958	10,00	2,39

21961	10,00	2,47

21964	10,00	2,34

21967	10,00	2,25

21970	10,00	2,17

21974	10,00	2,11

21977	10,00	2,06

21980	10,00	2,02

21983	10,00	2,17

21986	10,00	2,20

21989	10,00	2,13

21992	10,00	2,08

21995	10,00	2,03

21998	10,00	2,00

22001	0,00	1,97

22004	0,00	1,95

22007	0,00	1,84

22010	0,00	1,84

22013	0,00	1,75

22016	0,00	1,68

22019	0,00	1,62

22022	0,00	1,39

22025	0,00	1,30

22028	0,00	1,13

22031	0,00	1,09

22034	0,00	0,97

22036	0,00	0,77

22039	0,00	0,71

22042	0,00	0,57

22045	0,00	0,45

22048	0,00	0,36

22050	0,00	0,29

22053	0,00	0,23

22056	0,00	0,19

22060	0,00	0,15

22063	0,00	0,12

22066	0,00	0,10

22068	0,00	0,08

22071	0,00	0,06

22074	0,00	0,05

22077	0,00	0,04

22080	0,00	0,03

22082	0,00	0,03

22085	0,00	0,02

22088	0,00	0,02

22091	0,00	0,01

22094	0,00	0,01

22096	0,00	0,01

22099	0,00	0,01

22103	0,00	0,01

22106	0,00	0,00

22109	0,00	0,00

22111	0,00	0,00

22114	0,00	0,00

22117	0,00	0,00

22120	0,00	0,00

22123	0,00	0,00

22125	0,00	0,00

22128	0,00	0,00

22131	0,00	0,00

22134	0,00	0,00

22137	0,00	0,00

22139	0,00	0,00

22142	0,00	0,00

22146	0,00	0,00

22149	0,00	0,00

22152	0,00	0,00

22154	0,00	0,00

22157	0,00	0,00

22160	0,00	0,00

22163	0,00	0,00

22166	0,00	0,00

22168	0,00	0,00

22171	0,00	0,00

22174	0,00	0,00

22177	0,00	0,00

22180	0,00	0,00

22182	0,00	0,00

22185	0,00	0,00

22189	0,00	0,00

22192	0,00	0,00

22195	0,00	0,00

22197	0,00	0,00

22200	0,00	0,00

22203	0,00	0,00

22206	0,00	0,00

22209	0,00	0,00

22211	0,00	0,00

22214	0,00	0,00

22217	0,00	0,00

22220	0,00	0,00

22223	0,00	0,00

22226	0,00	0,00

22228	0,00	0,00

End

